Watching for file changes with StatReloader
"GET / HTTP/1.1" 302 0
"GET /login/?next=/ HTTP/1.1" 200 2357
"GET / HTTP/1.1" 302 0
"GET /login/?next=/ HTTP/1.1" 200 836
"GET /static/css/sb-admin-2.min.css HTTP/1.1" 200 197981
Not Found: /favicon.ico
"GET /favicon.ico HTTP/1.1" 404 1181
"POST /login/?next=/ HTTP/1.1" 200 928
"POST /login/?next=/ HTTP/1.1" 200 928
"POST /login/?next=/ HTTP/1.1" 200 930
"POST /login/?next=/ HTTP/1.1" 302 0
"GET / HTTP/1.1" 200 3518
"GET /static/vendor/fontawesome-free/css/all.min.css HTTP/1.1" 200 55967
"GET /static/css/sb-admin-2.min.css HTTP/1.1" 304 0
"GET /static/vendor/datatables/dataTables.bootstrap4.min.css HTTP/1.1" 200 5222
"GET /static/css/bootstrap.min.css HTTP/1.1" 200 144877
"GET /static/img/admin.png HTTP/1.1" 200 5178
"GET /static/vendor/bootstrap/js/bootstrap.bundle.min.js HTTP/1.1" 200 78635
"GET /static/vendor/datatables/jquery.dataTables.min.js HTTP/1.1" 200 82411
"GET /static/vendor/datatables/dataTables.bootstrap4.min.js HTTP/1.1" 200 2085
"GET /static/vendor/jquery/jquery.min.js HTTP/1.1" 200 88145
"GET /media/profile_picture.png HTTP/1.1" 200 61793
"GET /static/js/datatables-demo.js HTTP/1.1" 200 103
"GET /static/vendor/jquery-easing/jquery.easing.min.js HTTP/1.1" 200 2532
"GET /static/js/sb-admin-2.min.js HTTP/1.1" 200 1106
"GET /static/js/extends.js HTTP/1.1" 200 1689
"GET /static/vendor/fontawesome-free/webfonts/fa-solid-900.woff2 HTTP/1.1" 200 75440
"GET /static/favicon.ico HTTP/1.1" 200 1150
"GET /input/ HTTP/1.1" 200 6134
"GET /stock/ HTTP/1.1" 200 3182
"GET /cart/ HTTP/1.1" 200 3687
"GET /purchase/ HTTP/1.1" 200 3131
"GET /report/ HTTP/1.1" 200 3563
"GET / HTTP/1.1" 200 3518
"GET /static/vendor/fontawesome-free/css/all.min.css HTTP/1.1" 304 0
"GET /static/css/sb-admin-2.min.css HTTP/1.1" 304 0
"GET /static/css/bootstrap.min.css HTTP/1.1" 304 0
"GET /static/vendor/datatables/dataTables.bootstrap4.min.css HTTP/1.1" 304 0
"GET /static/vendor/jquery/jquery.min.js HTTP/1.1" 304 0
"GET /media/profile_picture.png HTTP/1.1" 304 0
"GET /static/vendor/datatables/jquery.dataTables.min.js HTTP/1.1" 304 0
"GET /static/vendor/datatables/dataTables.bootstrap4.min.js HTTP/1.1" 304 0
"GET /static/img/admin.png HTTP/1.1" 304 0
"GET /static/js/datatables-demo.js HTTP/1.1" 304 0
"GET /static/vendor/bootstrap/js/bootstrap.bundle.min.js HTTP/1.1" 304 0
"GET /static/js/sb-admin-2.min.js HTTP/1.1" 304 0
"GET /static/js/extends.js HTTP/1.1" 304 0
"GET /static/vendor/jquery-easing/jquery.easing.min.js HTTP/1.1" 304 0
"GET / HTTP/1.1" 200 3518
Not Found: /crm/customers/
"GET /crm/customers/ HTTP/1.1" 404 1185
Not Found: /favicon.ico
"GET /favicon.ico HTTP/1.1" 404 1181
Watching for file changes with StatReloader
"GET / HTTP/1.1" 302 0
"GET /login/?next=/ HTTP/1.1" 200 836
"GET /static/css/sb-admin-2.min.css HTTP/1.1" 200 197981
Not Found: /favicon.ico
"GET /favicon.ico HTTP/1.1" 404 1189
"POST /login/?next=/ HTTP/1.1" 302 0
"GET / HTTP/1.1" 200 3678
"GET /static/img/admin.png HTTP/1.1" 200 5178
"GET /media/profile_picture.png HTTP/1.1" 200 61793
"GET /static/vendor/fontawesome-free/css/all.min.css HTTP/1.1" 200 55967
"GET /static/css/bootstrap.min.css HTTP/1.1" 200 144877
"GET /static/vendor/datatables/dataTables.bootstrap4.min.css HTTP/1.1" 200 5222
"GET /static/js/datatables-demo.js HTTP/1.1" 200 103
"GET /static/vendor/datatables/dataTables.bootstrap4.min.js HTTP/1.1" 200 2085
"GET /static/vendor/jquery-easing/jquery.easing.min.js HTTP/1.1" 200 2532
"GET /static/js/sb-admin-2.min.js HTTP/1.1" 200 1106
"GET /static/js/extends.js HTTP/1.1" 200 1689
"GET /static/vendor/datatables/jquery.dataTables.min.js HTTP/1.1" 200 82411
"GET /static/vendor/bootstrap/js/bootstrap.bundle.min.js HTTP/1.1" 200 78635
"GET /static/vendor/jquery/jquery.min.js HTTP/1.1" 200 88145
"GET /static/vendor/fontawesome-free/webfonts/fa-solid-900.woff2 HTTP/1.1" 200 75440
"GET /static/favicon.ico HTTP/1.1" 200 1150
"GET /report/ HTTP/1.1" 200 3726
"GET /crm/customers/ HTTP/1.1" 200 3320
"GET /crm/reminder/1/ HTTP/1.1" 302 0
"GET /crm/customers/ HTTP/1.1" 200 3351
"GET /report/ HTTP/1.1" 200 3726
"GET /report/ HTTP/1.1" 200 3726
"GET /input/ HTTP/1.1" 200 6300
"GET /crm/customers/ HTTP/1.1" 200 3320
"GET / HTTP/1.1" 200 3678
"GET /report/ HTTP/1.1" 200 3726
"GET /input/ HTTP/1.1" 200 6297
"GET /crm/customers/ HTTP/1.1" 200 3320
"GET /crm/customers/ HTTP/1.1" 200 3320
"GET /report/ HTTP/1.1" 200 3726
Session data corrupted
"GET / HTTP/1.1" 302 0
"GET /login/?next=/ HTTP/1.1" 200 837
"GET /static/css/sb-admin-2.min.css HTTP/1.1" 304 0
Not Found: /favicon.ico
"GET /favicon.ico HTTP/1.1" 404 1189
Session data corrupted
"POST /login/?next=/ HTTP/1.1" 302 0
"GET / HTTP/1.1" 200 3678
"GET /static/vendor/datatables/dataTables.bootstrap4.min.css HTTP/1.1" 304 0
"GET /static/css/bootstrap.min.css HTTP/1.1" 304 0
"GET /static/vendor/fontawesome-free/css/all.min.css HTTP/1.1" 304 0
"GET /static/img/admin.png HTTP/1.1" 304 0
"GET /static/vendor/datatables/jquery.dataTables.min.js HTTP/1.1" 304 0
"GET /static/vendor/datatables/dataTables.bootstrap4.min.js HTTP/1.1" 304 0
"GET /static/vendor/jquery/jquery.min.js HTTP/1.1" 304 0
"GET /media/profile_picture.png HTTP/1.1" 304 0
"GET /static/vendor/bootstrap/js/bootstrap.bundle.min.js HTTP/1.1" 304 0
"GET /static/js/datatables-demo.js HTTP/1.1" 304 0
"GET /static/vendor/jquery-easing/jquery.easing.min.js HTTP/1.1" 304 0
"GET /static/js/sb-admin-2.min.js HTTP/1.1" 304 0
"GET /static/js/extends.js HTTP/1.1" 304 0
"GET /static/vendor/fontawesome-free/webfonts/fa-solid-900.woff2 HTTP/1.1" 304 0
"GET /data/search/?q=JCB HTTP/1.1" 200 4005
"GET /crm/customers/ HTTP/1.1" 200 3320
"GET /data/search/?q=JCB HTTP/1.1" 200 4005
"GET /crm/customers/ HTTP/1.1" 200 3320
"GET /crm/customers/ HTTP/1.1" 200 3320
"GET /crm/reminder/1/ HTTP/1.1" 302 0
"GET /crm/customers/ HTTP/1.1" 200 3351
"GET /input/ HTTP/1.1" 200 6298
"GET /report/ HTTP/1.1" 200 3726
"GET / HTTP/1.1" 200 3678
"GET / HTTP/1.1" 200 3678
Internal Server Error: /data/search/
Traceback (most recent call last):
  File "D:\inventort-managment\env\Lib\site-packages\django\core\handlers\exception.py", line 34, in inner
    response = get_response(request)
               ^^^^^^^^^^^^^^^^^^^^^
  File "D:\inventort-managment\env\Lib\site-packages\django\core\handlers\base.py", line 115, in _get_response
    response = self.process_exception_by_middleware(e, request)
               ^^^^^^^^^^^^^^^^^^^^^^^^^^^^^^^^^^^^^^^^^^^^^^^^
  File "D:\inventort-managment\env\Lib\site-packages\django\core\handlers\base.py", line 113, in _get_response
    response = wrapped_callback(request, *callback_args, **callback_kwargs)
               ^^^^^^^^^^^^^^^^^^^^^^^^^^^^^^^^^^^^^^^^^^^^^^^^^^^^^^^^^^^^
  File "D:\inventort-managment\data\views.py", line 23, in GlobalSearch
    return render(request, 'data/search_results.html', results)
           ^^^^^^^^^^^^^^^^^^^^^^^^^^^^^^^^^^^^^^^^^^^^^^^^^^^^
  File "D:\inventort-managment\env\Lib\site-packages\django\shortcuts.py", line 36, in render
    content = loader.render_to_string(template_name, context, request, using=using)
              ^^^^^^^^^^^^^^^^^^^^^^^^^^^^^^^^^^^^^^^^^^^^^^^^^^^^^^^^^^^^^^^^^^^^^
  File "D:\inventort-managment\env\Lib\site-packages\django\template\loader.py", line 62, in render_to_string
    return template.render(context, request)
           ^^^^^^^^^^^^^^^^^^^^^^^^^^^^^^^^^
  File "D:\inventort-managment\env\Lib\site-packages\django\template\backends\django.py", line 59, in render
    context = make_context(context, request, autoescape=self.backend.engine.autoescape)
              ^^^^^^^^^^^^^^^^^^^^^^^^^^^^^^^^^^^^^^^^^^^^^^^^^^^^^^^^^^^^^^^^^^^^^^^^^
  File "D:\inventort-managment\env\Lib\site-packages\django\template\context.py", line 270, in make_context
    raise TypeError('context must be a dict rather than %s.' % context.__class__.__name__)
TypeError: context must be a dict rather than list.
"GET /data/search/?q= HTTP/1.1" 500 13393
"GET /data/search/?q=JCB HTTP/1.1" 200 4005
"GET /data/part/1/ HTTP/1.1" 200 3583
"GET / HTTP/1.1" 200 3678
"GET /data/search/?q=JCB HTTP/1.1" 200 4005
"GET /data/part/1/ HTTP/1.1" 200 3583
"GET /data/part/1/ HTTP/1.1" 200 3583
"GET /report/ HTTP/1.1" 200 3726
"GET /crm/customers/ HTTP/1.1" 200 3320
"GET /data/search/?q=JCB HTTP/1.1" 200 4005
"GET /data/search/?q=JCB HTTP/1.1" 200 4005
"GET /static/favicon.ico HTTP/1.1" 304 0
"GET / HTTP/1.1" 200 3678
"GET /data/search/?q=jcb HTTP/1.1" 200 4005
"GET /data/search/?q=JCB HTTP/1.1" 200 4005
"GET /data/search/?q=JCB HTTP/1.1" 200 4559
"GET /data/part/1/ HTTP/1.1" 200 3993
"GET /media/parts/360/tooth.png HTTP/1.1" 200 455208
"GET /data/part/2/ HTTP/1.1" 200 4002
"GET /media/parts/360/pump.png HTTP/1.1" 200 581797
"GET /data/search/?q=JCB+spare+parts HTTP/1.1" 200 4363
D:\inventort-managment\data\models.py changed, reloading.
Watching for file changes with StatReloader
D:\inventort-managment\data\views.py changed, reloading.
Watching for file changes with StatReloader
"GET /data/search/?q=JCB+spare+parts HTTP/1.1" 200 4363
"GET /data/search/?q=JCB+spare+parts HTTP/1.1" 200 4363
"GET /data/search/?q=JCB+spare+parts HTTP/1.1" 200 4363
"GET / HTTP/1.1" 200 3678
"GET /data/search/?q=JCB HTTP/1.1" 200 4628
"GET /data/part/2/ HTTP/1.1" 200 4002
"GET /media/parts/360/pump.png HTTP/1.1" 304 0
D:\inventort-managment\data\views.py changed, reloading.
Watching for file changes with StatReloader
D:\inventort-managment\data\views.py changed, reloading.
Watching for file changes with StatReloader
"GET /data/search/?q=JCB HTTP/1.1" 200 5680
"GET /static/vendor/fontawesome-free/webfonts/fa-brands-400.woff2 HTTP/1.1" 200 74508
"GET / HTTP/1.1" 200 3678
"GET /static/vendor/fontawesome-free/css/all.min.css HTTP/1.1" 304 0
"GET /static/css/bootstrap.min.css HTTP/1.1" 304 0
"GET /static/vendor/jquery/jquery.min.js HTTP/1.1" 304 0
"GET /static/vendor/bootstrap/js/bootstrap.bundle.min.js HTTP/1.1" 304 0
"GET /static/vendor/datatables/jquery.dataTables.min.js HTTP/1.1" 304 0
"GET /static/img/admin.png HTTP/1.1" 304 0
"GET /static/vendor/datatables/dataTables.bootstrap4.min.css HTTP/1.1" 304 0
"GET /static/css/sb-admin-2.min.css HTTP/1.1" 304 0
"GET /static/vendor/datatables/dataTables.bootstrap4.min.js HTTP/1.1" 304 0
"GET /static/vendor/jquery-easing/jquery.easing.min.js HTTP/1.1" 304 0
"GET /static/js/extends.js HTTP/1.1" 304 0
"GET /static/js/datatables-demo.js HTTP/1.1" 304 0
"GET /media/profile_picture.png HTTP/1.1" 304 0
"GET /static/js/sb-admin-2.min.js HTTP/1.1" 304 0
"GET /static/vendor/fontawesome-free/webfonts/fa-solid-900.woff2 HTTP/1.1" 304 0
"GET /data/search/?q=JCB HTTP/1.1" 200 5680
"GET /static/vendor/fontawesome-free/webfonts/fa-brands-400.woff2 HTTP/1.1" 200 74508
"GET /data/search/?q=JCB+PARTS HTTP/1.1" 200 5421
D:\inventort-managment\data\urls.py changed, reloading.
Watching for file changes with StatReloader
D:\inventort-managment\data\views.py changed, reloading.
Watching for file changes with StatReloader
D:\inventort-managment\data\views.py changed, reloading.
Watching for file changes with StatReloader
D:\inventort-managment\data\views.py changed, reloading.
Watching for file changes with StatReloader
"GET / HTTP/1.1" 200 3678
"GET /data/search/?q=JCB HTTP/1.1" 200 7256
"GET /data/search/?q=gear HTTP/1.1" 200 7193
"GET /data/search/?q=excavator+Bucket HTTP/1.1" 200 7129
"POST /data/import-amazon/ HTTP/1.1" 200 31
"POST /data/import-amazon/ HTTP/1.1" 200 31
"POST /data/import-amazon/ HTTP/1.1" 200 31
"POST /data/import-amazon/ HTTP/1.1" 200 31
"POST /data/import-amazon/ HTTP/1.1" 200 31
"POST /data/import-amazon/ HTTP/1.1" 200 31
"POST /data/import-amazon/ HTTP/1.1" 200 31
"POST /data/import-amazon/ HTTP/1.1" 200 32
"POST /data/import-amazon/ HTTP/1.1" 200 32
"POST /data/import-amazon/ HTTP/1.1" 200 32
"POST /data/import-amazon/ HTTP/1.1" 200 32
"POST /data/import-amazon/ HTTP/1.1" 200 32
"GET /data/search/?q=gear HTTP/1.1" 200 7294
"POST /data/import-amazon/ HTTP/1.1" 200 32
"POST /data/import-amazon/ HTTP/1.1" 200 32
"POST /data/import-amazon/ HTTP/1.1" 200 32
"POST /data/import-amazon/ HTTP/1.1" 200 32
"POST /data/import-amazon/ HTTP/1.1" 200 81
"GET /data/search/?q=pump+ HTTP/1.1" 200 7214
"POST /data/import-amazon/ HTTP/1.1" 200 32
"POST /data/import-amazon/ HTTP/1.1" 200 32
"POST /data/import-amazon/ HTTP/1.1" 200 32
"POST /data/import-amazon/ HTTP/1.1" 200 32
"GET /data/search/?q=hydrualic HTTP/1.1" 200 7026
"GET /data/search/?q=JCB+bucket+tooth HTTP/1.1" 200 6995
"POST /data/import-amazon/ HTTP/1.1" 200 32
"POST /data/import-amazon/ HTTP/1.1" 200 32
"POST /data/import-amazon/ HTTP/1.1" 200 81
"POST /data/import-amazon/ HTTP/1.1" 200 81
"POST /data/import-amazon/ HTTP/1.1" 200 32
"POST /data/import-amazon/ HTTP/1.1" 200 81
"GET /data/search/?q=essential+hydualic+components HTTP/1.1" 200 7057
"GET /data/search/?q=Essential+Hydraulic+Components HTTP/1.1" 200 7046
"POST /data/import-amazon/ HTTP/1.1" 200 81
"GET / HTTP/1.1" 200 3678
D:\inventort-managment\data\views.py changed, reloading.
Watching for file changes with StatReloader
"GET / HTTP/1.1" 200 3678
"GET /static/favicon.ico HTTP/1.1" 304 0
"GET /data/search/?q=jcb HTTP/1.1" 200 8326
"GET /data/part/3/ HTTP/1.1" 200 4178
Not Found: /media/https:/m.media-amazon.com/images/I/61v4CTUZqlL._AC_UL960_QL65_.jpg
"GET /media/https%3A/m.media-amazon.com/images/I/61v4CTUZqlL._AC_UL960_QL65_.jpg HTTP/1.1" 404 920
"GET /data/part/2/ HTTP/1.1" 200 4002
"GET /media/parts/360/pump.png HTTP/1.1" 200 581797
Internal Server Error: /data/search/
Traceback (most recent call last):
  File "D:\inventort-managment\env\Lib\site-packages\django\core\handlers\exception.py", line 34, in inner
    response = get_response(request)
               ^^^^^^^^^^^^^^^^^^^^^
  File "D:\inventort-managment\env\Lib\site-packages\django\core\handlers\base.py", line 115, in _get_response
    response = self.process_exception_by_middleware(e, request)
               ^^^^^^^^^^^^^^^^^^^^^^^^^^^^^^^^^^^^^^^^^^^^^^^^
  File "D:\inventort-managment\env\Lib\site-packages\django\core\handlers\base.py", line 113, in _get_response
    response = wrapped_callback(request, *callback_args, **callback_kwargs)
               ^^^^^^^^^^^^^^^^^^^^^^^^^^^^^^^^^^^^^^^^^^^^^^^^^^^^^^^^^^^^
  File "D:\inventort-managment\data\views.py", line 69, in GlobalSearch
    return render(request, 'data/search_results.html', results)
           ^^^^^^^^^^^^^^^^^^^^^^^^^^^^^^^^^^^^^^^^^^^^^^^^^^^^
  File "D:\inventort-managment\env\Lib\site-packages\django\shortcuts.py", line 36, in render
    content = loader.render_to_string(template_name, context, request, using=using)
              ^^^^^^^^^^^^^^^^^^^^^^^^^^^^^^^^^^^^^^^^^^^^^^^^^^^^^^^^^^^^^^^^^^^^^
  File "D:\inventort-managment\env\Lib\site-packages\django\template\loader.py", line 62, in render_to_string
    return template.render(context, request)
           ^^^^^^^^^^^^^^^^^^^^^^^^^^^^^^^^^
  File "D:\inventort-managment\env\Lib\site-packages\django\template\backends\django.py", line 59, in render
    context = make_context(context, request, autoescape=self.backend.engine.autoescape)
              ^^^^^^^^^^^^^^^^^^^^^^^^^^^^^^^^^^^^^^^^^^^^^^^^^^^^^^^^^^^^^^^^^^^^^^^^^
  File "D:\inventort-managment\env\Lib\site-packages\django\template\context.py", line 270, in make_context
    raise TypeError('context must be a dict rather than %s.' % context.__class__.__name__)
TypeError: context must be a dict rather than list.
"GET /data/search/?q= HTTP/1.1" 500 13436
Not Found: /favicon.ico
"GET /favicon.ico HTTP/1.1" 404 1189
"GET /data/search/?q=your+inventory HTTP/1.1" 200 7069
"POST /data/import-amazon/ HTTP/1.1" 200 56
"POST /data/import-amazon/ HTTP/1.1" 200 56
"GET /data/search/?q=JCB HTTP/1.1" 200 8324
"GET /static/vendor/fontawesome-free/css/all.min.css HTTP/1.1" 304 0
"GET /static/css/sb-admin-2.min.css HTTP/1.1" 304 0
"GET /static/css/bootstrap.min.css HTTP/1.1" 304 0
"GET /static/vendor/datatables/dataTables.bootstrap4.min.css HTTP/1.1" 304 0
"GET /static/img/admin.png HTTP/1.1" 304 0
"GET /media/profile_picture.png HTTP/1.1" 304 0
"GET /static/vendor/jquery/jquery.min.js HTTP/1.1" 304 0
"GET /static/vendor/bootstrap/js/bootstrap.bundle.min.js HTTP/1.1" 304 0
"GET /static/vendor/datatables/jquery.dataTables.min.js HTTP/1.1" 304 0
"GET /static/vendor/datatables/dataTables.bootstrap4.min.js HTTP/1.1" 304 0
"GET /static/vendor/jquery-easing/jquery.easing.min.js HTTP/1.1" 304 0
"GET /static/js/datatables-demo.js HTTP/1.1" 304 0
"GET /static/js/sb-admin-2.min.js HTTP/1.1" 304 0
"GET /static/js/extends.js HTTP/1.1" 304 0
"GET /static/vendor/fontawesome-free/webfonts/fa-solid-900.woff2 HTTP/1.1" 304 0
"GET /data/part/12/ HTTP/1.1" 200 4120
Not Found: /media/https:/m.media-amazon.com/images/I/71r8ib5E8KL._AC_UL960_QL65_.jpg
"GET /media/https%3A/m.media-amazon.com/images/I/71r8ib5E8KL._AC_UL960_QL65_.jpg HTTP/1.1" 404 921
"GET /data/search/?q=JCB HTTP/1.1" 200 8324
"GET /data/part/3/ HTTP/1.1" 200 4178
Not Found: /media/https:/m.media-amazon.com/images/I/61v4CTUZqlL._AC_UL960_QL65_.jpg
"GET /media/https%3A/m.media-amazon.com/images/I/61v4CTUZqlL._AC_UL960_QL65_.jpg HTTP/1.1" 404 920
"GET /data/search/?q=JCB HTTP/1.1" 200 8324
"GET /data/search/?q=JCB+Light HTTP/1.1" 200 7093
"POST /data/import-amazon/ HTTP/1.1" 200 57
"GET /data/search/?q=JCB+Light HTTP/1.1" 200 7093
"GET /data/search/?q=UNO+Minda+HL-5668M+Head+Light HTTP/1.1" 200 7152
"GET /data/search/?q=JCB HTTP/1.1" 200 8390
"GET /data/search/?q=UNO+Minda+HL-5668M+Head+Light HTTP/1.1" 200 7152
"GET /data/search/?q=JCB HTTP/1.1" 200 8390
"GET /data/part/2/ HTTP/1.1" 200 4002
"GET /media/parts/360/pump.png HTTP/1.1" 304 0
"GET / HTTP/1.1" 200 3678
"GET /data/search/?q=JCB HTTP/1.1" 200 8306
"GET /data/part/3/ HTTP/1.1" 200 4178
Not Found: /media/https:/m.media-amazon.com/images/I/61v4CTUZqlL._AC_UL960_QL65_.jpg
"GET /media/https%3A/m.media-amazon.com/images/I/61v4CTUZqlL._AC_UL960_QL65_.jpg HTTP/1.1" 404 920
"GET /report/ HTTP/1.1" 200 3726
D:\inventort-managment\data\views.py changed, reloading.
Watching for file changes with StatReloader
"GET /data/search/?q=JCB HTTP/1.1" 200 8922
Not Found: /media/https:/m.media-amazon.com/images/I/61v4CTUZqlL._AC_UL960_QL65_.jpg
Not Found: /media/https:/m.media-amazon.com/images/I/411DvlyZ8kL._AC_UL960_QL65_.jpg
Not Found: /media/https:/m.media-amazon.com/images/I/71WWl1AJ4iL._AC_UL960_QL65_.jpg
Not Found: /media/https:/m.media-amazon.com/images/I/51NkCkKCr8L._AC_UL960_QL65_.jpg
"GET /media/https%3A/m.media-amazon.com/images/I/411DvlyZ8kL._AC_UL960_QL65_.jpg HTTP/1.1" 404 920
"GET /media/https%3A/m.media-amazon.com/images/I/61v4CTUZqlL._AC_UL960_QL65_.jpg HTTP/1.1" 404 920
"GET /media/https%3A/m.media-amazon.com/images/I/71WWl1AJ4iL._AC_UL960_QL65_.jpg HTTP/1.1" 404 922
"GET /media/https%3A/m.media-amazon.com/images/I/51NkCkKCr8L._AC_UL960_QL65_.jpg HTTP/1.1" 404 921
Not Found: /media/https:/m.media-amazon.com/images/I/71r8ib5E8KL._AC_UL960_QL65_.jpg
Not Found: /media/https:/m.media-amazon.com/images/I/71aPGqgWrIL._AC_UL960_QL65_.jpg
"GET /media/https%3A/m.media-amazon.com/images/I/71r8ib5E8KL._AC_UL960_QL65_.jpg HTTP/1.1" 404 921
"GET /media/https%3A/m.media-amazon.com/images/I/71aPGqgWrIL._AC_UL960_QL65_.jpg HTTP/1.1" 404 921
Not Found: /media/https:/m.media-amazon.com/images/I/61ZTzzDWuoL._AC_UL960_QL65_.jpg
Not Found: /media/https:/m.media-amazon.com/images/I/71HKa9bmPDL._AC_UY654_QL65_.jpg
Not Found: /media/https:/m.media-amazon.com/images/I/51l5bdSTPWL._AC_UY654_QL65_.jpg
"GET /media/https%3A/m.media-amazon.com/images/I/61ZTzzDWuoL._AC_UL960_QL65_.jpg HTTP/1.1" 404 922
Not Found: /media/https:/m.media-amazon.com/images/I/61EDPVY8JLL._AC_UY654_QL65_.jpg
"GET /media/https%3A/m.media-amazon.com/images/I/71HKa9bmPDL._AC_UY654_QL65_.jpg HTTP/1.1" 404 922
Not Found: /media/https:/m.media-amazon.com/images/I/91lD9JbH2+L._AC_UL960_QL65_.jpg
"GET /media/https%3A/m.media-amazon.com/images/I/51l5bdSTPWL._AC_UY654_QL65_.jpg HTTP/1.1" 404 921
"GET /media/https%3A/m.media-amazon.com/images/I/61EDPVY8JLL._AC_UY654_QL65_.jpg HTTP/1.1" 404 921
Not Found: /media/https:/m.media-amazon.com/images/I/61AsoJFh0eL._AC_UL960_QL65_.jpg
"GET /media/https%3A/m.media-amazon.com/images/I/91lD9JbH2%2BL._AC_UL960_QL65_.jpg HTTP/1.1" 404 922
"GET /media/https%3A/m.media-amazon.com/images/I/61AsoJFh0eL._AC_UL960_QL65_.jpg HTTP/1.1" 404 919
Not Found: /media/https:/m.media-amazon.com/images/I/61yyKEjP6gL._AC_UL960_QL65_.jpg
"GET /media/https%3A/m.media-amazon.com/images/I/61yyKEjP6gL._AC_UL960_QL65_.jpg HTTP/1.1" 404 920
Not Found: /media/https:/m.media-amazon.com/images/I/81OEVbtzgBL._AC_UL960_QL65_.jpg
Not Found: /media/https:/m.media-amazon.com/images/I/71Z84F3wgPL._AC_UL960_QL65_.jpg
"GET /media/https%3A/m.media-amazon.com/images/I/81OEVbtzgBL._AC_UL960_QL65_.jpg HTTP/1.1" 404 921
Not Found: /media/https:/m.media-amazon.com/images/I/61Y+J7o1EDL._AC_UL960_QL65_.jpg
"GET /media/https%3A/m.media-amazon.com/images/I/71Z84F3wgPL._AC_UL960_QL65_.jpg HTTP/1.1" 404 922
Not Found: /media/https:/m.media-amazon.com/images/I/51qIhXJByiL._AC_UL960_QL65_.jpg
Not Found: /media/https:/m.media-amazon.com/images/I/71LcK1sYRUL._AC_UY654_QL65_.jpg
"GET /media/https%3A/m.media-amazon.com/images/I/61Y%2BJ7o1EDL._AC_UL960_QL65_.jpg HTTP/1.1" 404 921
"GET /media/https%3A/m.media-amazon.com/images/I/71LcK1sYRUL._AC_UY654_QL65_.jpg HTTP/1.1" 404 921
"GET /media/https%3A/m.media-amazon.com/images/I/51qIhXJByiL._AC_UL960_QL65_.jpg HTTP/1.1" 404 922
"GET /media/parts/360/tooth.png HTTP/1.1" 304 0
"GET /data/part/2/ HTTP/1.1" 200 4002
"GET /data/part/3/ HTTP/1.1" 200 4178
Not Found: /media/https:/m.media-amazon.com/images/I/61v4CTUZqlL._AC_UL960_QL65_.jpg
"GET /media/https%3A/m.media-amazon.com/images/I/61v4CTUZqlL._AC_UL960_QL65_.jpg HTTP/1.1" 404 920
"POST /data/import-amazon/ HTTP/1.1" 200 56
"GET /data/part/3/ HTTP/1.1" 200 4178
Not Found: /media/https:/m.media-amazon.com/images/I/61v4CTUZqlL._AC_UL960_QL65_.jpg
"GET /media/https%3A/m.media-amazon.com/images/I/61v4CTUZqlL._AC_UL960_QL65_.jpg HTTP/1.1" 404 920
"GET /data/search/?q=JCB+Gear HTTP/1.1" 200 7038
"POST /data/import-amazon/ HTTP/1.1" 200 56
"GET /data/search/?q=JCB+Gear HTTP/1.1" 200 4745
"GET /data/search/?q=JCB HTTP/1.1" 200 7621
Not Found: /media/https:/m.media-amazon.com/images/I/61v4CTUZqlL._AC_UL960_QL65_.jpg
"GET /media/https%3A/m.media-amazon.com/images/I/61v4CTUZqlL._AC_UL960_QL65_.jpg HTTP/1.1" 404 920
Not Found: /media/https:/m.media-amazon.com/images/I/411DvlyZ8kL._AC_UL960_QL65_.jpg
"GET /media/https%3A/m.media-amazon.com/images/I/411DvlyZ8kL._AC_UL960_QL65_.jpg HTTP/1.1" 404 920
Not Found: /media/https:/m.media-amazon.com/images/I/71WWl1AJ4iL._AC_UL960_QL65_.jpg
"GET /media/https%3A/m.media-amazon.com/images/I/71WWl1AJ4iL._AC_UL960_QL65_.jpg HTTP/1.1" 404 922
Not Found: /media/https:/m.media-amazon.com/images/I/51NkCkKCr8L._AC_UL960_QL65_.jpg
"GET /media/https%3A/m.media-amazon.com/images/I/51NkCkKCr8L._AC_UL960_QL65_.jpg HTTP/1.1" 404 921
Not Found: /media/https:/m.media-amazon.com/images/I/71aPGqgWrIL._AC_UL960_QL65_.jpg
"GET /media/https%3A/m.media-amazon.com/images/I/71aPGqgWrIL._AC_UL960_QL65_.jpg HTTP/1.1" 404 921
Not Found: /media/https:/m.media-amazon.com/images/I/91lD9JbH2+L._AC_UL960_QL65_.jpg
Not Found: /media/https:/m.media-amazon.com/images/I/71HKa9bmPDL._AC_UY654_QL65_.jpg
"GET /media/https%3A/m.media-amazon.com/images/I/91lD9JbH2%2BL._AC_UL960_QL65_.jpg HTTP/1.1" 404 922
"GET /media/https%3A/m.media-amazon.com/images/I/71HKa9bmPDL._AC_UY654_QL65_.jpg HTTP/1.1" 404 922
Not Found: /media/https:/m.media-amazon.com/images/I/51l5bdSTPWL._AC_UY654_QL65_.jpg
Not Found: /media/https:/m.media-amazon.com/images/I/61ZTzzDWuoL._AC_UL960_QL65_.jpg
Not Found: /media/https:/m.media-amazon.com/images/I/71r8ib5E8KL._AC_UL960_QL65_.jpg
Not Found: /media/https:/m.media-amazon.com/images/I/61EDPVY8JLL._AC_UY654_QL65_.jpg
"GET /media/https%3A/m.media-amazon.com/images/I/51l5bdSTPWL._AC_UY654_QL65_.jpg HTTP/1.1" 404 921
"GET /media/https%3A/m.media-amazon.com/images/I/61ZTzzDWuoL._AC_UL960_QL65_.jpg HTTP/1.1" 404 922
"GET /media/https%3A/m.media-amazon.com/images/I/71r8ib5E8KL._AC_UL960_QL65_.jpg HTTP/1.1" 404 921
Not Found: /media/https:/m.media-amazon.com/images/I/61AsoJFh0eL._AC_UL960_QL65_.jpg
"GET /media/https%3A/m.media-amazon.com/images/I/61EDPVY8JLL._AC_UY654_QL65_.jpg HTTP/1.1" 404 921
Not Found: /media/https:/m.media-amazon.com/images/I/61yyKEjP6gL._AC_UL960_QL65_.jpg
"GET /media/https%3A/m.media-amazon.com/images/I/61AsoJFh0eL._AC_UL960_QL65_.jpg HTTP/1.1" 404 919
"GET /media/https%3A/m.media-amazon.com/images/I/61yyKEjP6gL._AC_UL960_QL65_.jpg HTTP/1.1" 404 920
Not Found: /media/https:/m.media-amazon.com/images/I/51qIhXJByiL._AC_UL960_QL65_.jpg
Not Found: /media/https:/m.media-amazon.com/images/I/81OEVbtzgBL._AC_UL960_QL65_.jpg
"GET /media/https%3A/m.media-amazon.com/images/I/51qIhXJByiL._AC_UL960_QL65_.jpg HTTP/1.1" 404 922
"GET /media/https%3A/m.media-amazon.com/images/I/81OEVbtzgBL._AC_UL960_QL65_.jpg HTTP/1.1" 404 921
Not Found: /media/https:/m.media-amazon.com/images/I/61Y+J7o1EDL._AC_UL960_QL65_.jpg
"GET /media/https%3A/m.media-amazon.com/images/I/61Y%2BJ7o1EDL._AC_UL960_QL65_.jpg HTTP/1.1" 404 921
Not Found: /media/https:/m.media-amazon.com/images/I/71LcK1sYRUL._AC_UY654_QL65_.jpg
Not Found: /media/https:/m.media-amazon.com/images/I/71Z84F3wgPL._AC_UL960_QL65_.jpg
"GET /media/https%3A/m.media-amazon.com/images/I/71LcK1sYRUL._AC_UY654_QL65_.jpg HTTP/1.1" 404 921
"GET /media/https%3A/m.media-amazon.com/images/I/71Z84F3wgPL._AC_UL960_QL65_.jpg HTTP/1.1" 404 922
"GET /data/search/?q=JCB+Gear HTTP/1.1" 200 7038
"POST /data/import-amazon/ HTTP/1.1" 200 56
"GET /data/search/?q=JCB HTTP/1.1" 200 8922
Not Found: /media/https:/m.media-amazon.com/images/I/61v4CTUZqlL._AC_UL960_QL65_.jpg
"GET /media/https%3A/m.media-amazon.com/images/I/61v4CTUZqlL._AC_UL960_QL65_.jpg HTTP/1.1" 404 920
Not Found: /media/https:/m.media-amazon.com/images/I/51NkCkKCr8L._AC_UL960_QL65_.jpg
"GET /media/https%3A/m.media-amazon.com/images/I/51NkCkKCr8L._AC_UL960_QL65_.jpg HTTP/1.1" 404 921
Not Found: /media/https:/m.media-amazon.com/images/I/71WWl1AJ4iL._AC_UL960_QL65_.jpg
"GET /media/https%3A/m.media-amazon.com/images/I/71WWl1AJ4iL._AC_UL960_QL65_.jpg HTTP/1.1" 404 922
Not Found: /media/https:/m.media-amazon.com/images/I/91lD9JbH2+L._AC_UL960_QL65_.jpg
"GET /media/https%3A/m.media-amazon.com/images/I/91lD9JbH2%2BL._AC_UL960_QL65_.jpg HTTP/1.1" 404 922
Not Found: /media/https:/m.media-amazon.com/images/I/71r8ib5E8KL._AC_UL960_QL65_.jpg
Not Found: /media/https:/m.media-amazon.com/images/I/71aPGqgWrIL._AC_UL960_QL65_.jpg
Not Found: /media/https:/m.media-amazon.com/images/I/71HKa9bmPDL._AC_UY654_QL65_.jpg
Not Found: /media/https:/m.media-amazon.com/images/I/411DvlyZ8kL._AC_UL960_QL65_.jpg
"GET /media/https%3A/m.media-amazon.com/images/I/71aPGqgWrIL._AC_UL960_QL65_.jpg HTTP/1.1" 404 921
"GET /media/https%3A/m.media-amazon.com/images/I/71HKa9bmPDL._AC_UY654_QL65_.jpg HTTP/1.1" 404 922
"GET /media/https%3A/m.media-amazon.com/images/I/71r8ib5E8KL._AC_UL960_QL65_.jpg HTTP/1.1" 404 921
"GET /media/https%3A/m.media-amazon.com/images/I/411DvlyZ8kL._AC_UL960_QL65_.jpg HTTP/1.1" 404 920
Not Found: /media/https:/m.media-amazon.com/images/I/51l5bdSTPWL._AC_UY654_QL65_.jpg
"GET /media/https%3A/m.media-amazon.com/images/I/51l5bdSTPWL._AC_UY654_QL65_.jpg HTTP/1.1" 404 921
Not Found: /media/https:/m.media-amazon.com/images/I/61EDPVY8JLL._AC_UY654_QL65_.jpg
Not Found: /media/https:/m.media-amazon.com/images/I/61ZTzzDWuoL._AC_UL960_QL65_.jpg
"GET /media/https%3A/m.media-amazon.com/images/I/61EDPVY8JLL._AC_UY654_QL65_.jpg HTTP/1.1" 404 921
Not Found: /media/https:/m.media-amazon.com/images/I/61yyKEjP6gL._AC_UL960_QL65_.jpg
"GET /media/https%3A/m.media-amazon.com/images/I/61ZTzzDWuoL._AC_UL960_QL65_.jpg HTTP/1.1" 404 922
Not Found: /media/https:/m.media-amazon.com/images/I/61Y+J7o1EDL._AC_UL960_QL65_.jpg
"GET /media/https%3A/m.media-amazon.com/images/I/61yyKEjP6gL._AC_UL960_QL65_.jpg HTTP/1.1" 404 920
"GET /media/https%3A/m.media-amazon.com/images/I/61Y%2BJ7o1EDL._AC_UL960_QL65_.jpg HTTP/1.1" 404 921
Not Found: /media/https:/m.media-amazon.com/images/I/61AsoJFh0eL._AC_UL960_QL65_.jpg
"GET /media/https%3A/m.media-amazon.com/images/I/61AsoJFh0eL._AC_UL960_QL65_.jpg HTTP/1.1" 404 919
Not Found: /media/https:/m.media-amazon.com/images/I/51qIhXJByiL._AC_UL960_QL65_.jpg
Not Found: /media/https:/m.media-amazon.com/images/I/81OEVbtzgBL._AC_UL960_QL65_.jpg
"GET /media/https%3A/m.media-amazon.com/images/I/51qIhXJByiL._AC_UL960_QL65_.jpg HTTP/1.1" 404 922
"GET /media/https%3A/m.media-amazon.com/images/I/81OEVbtzgBL._AC_UL960_QL65_.jpg HTTP/1.1" 404 921
Not Found: /media/https:/m.media-amazon.com/images/I/71Z84F3wgPL._AC_UL960_QL65_.jpg
Not Found: /media/https:/m.media-amazon.com/images/I/71LcK1sYRUL._AC_UY654_QL65_.jpg
"GET /media/https%3A/m.media-amazon.com/images/I/71Z84F3wgPL._AC_UL960_QL65_.jpg HTTP/1.1" 404 922
"GET /media/https%3A/m.media-amazon.com/images/I/71LcK1sYRUL._AC_UY654_QL65_.jpg HTTP/1.1" 404 921
"GET /data/search/?q=Throttle+Cable HTTP/1.1" 200 5103
Not Found: /media/https:/m.media-amazon.com/images/I/71HKa9bmPDL._AC_UY654_QL65_.jpg
"GET /media/https%3A/m.media-amazon.com/images/I/71HKa9bmPDL._AC_UY654_QL65_.jpg HTTP/1.1" 404 922
"GET /data/part/15/ HTTP/1.1" 200 4082
Not Found: /media/https:/m.media-amazon.com/images/I/71HKa9bmPDL._AC_UY654_QL65_.jpg
"GET /media/https%3A/m.media-amazon.com/images/I/71HKa9bmPDL._AC_UY654_QL65_.jpg HTTP/1.1" 404 922
"GET /data/search/?q=Hydraulic+Pump+Seal+Kit HTTP/1.1" 200 7338
"GET /media/parts/360/pump.png HTTP/1.1" 304 0
"GET /data/part/2/ HTTP/1.1" 200 4002
"GET /data/search/?q=JCB+Light HTTP/1.1" 200 7090
"POST /data/import-amazon/ HTTP/1.1" 200 56
"GET /data/search/?q=UNO+Minda HTTP/1.1" 200 5851
Not Found: /media/https:/m.media-amazon.com/images/I/71LcK1sYRUL._AC_UY654_QL65_.jpg
"GET /media/https%3A/m.media-amazon.com/images/I/71LcK1sYRUL._AC_UY654_QL65_.jpg HTTP/1.1" 404 921
D:\inventort-managment\data\views.py changed, reloading.
Watching for file changes with StatReloader
"GET /data/search/?q=JCB+spare+parts HTTP/1.1" 200 5158
Not Found: /media/https:/m.media-amazon.com/images/I/61ZTzzDWuoL._AC_UL960_QL65_.jpg
"GET /media/https%3A/m.media-amazon.com/images/I/61ZTzzDWuoL._AC_UL960_QL65_.jpg HTTP/1.1" 404 922
"GET /data/part/19/ HTTP/1.1" 200 4135
Not Found: /media/https:/m.media-amazon.com/images/I/61ZTzzDWuoL._AC_UL960_QL65_.jpg
"GET /media/https%3A/m.media-amazon.com/images/I/61ZTzzDWuoL._AC_UL960_QL65_.jpg HTTP/1.1" 404 922
"GET /data/search/?q=JCB HTTP/1.1" 200 6977
Not Found: /media/https:/m.media-amazon.com/images/I/71WWl1AJ4iL._AC_UL960_QL65_.jpg
"GET /media/https%3A/m.media-amazon.com/images/I/71WWl1AJ4iL._AC_UL960_QL65_.jpg HTTP/1.1" 404 922
Not Found: /media/https:/m.media-amazon.com/images/I/61v4CTUZqlL._AC_UL960_QL65_.jpg
Not Found: /media/https:/m.media-amazon.com/images/I/71aPGqgWrIL._AC_UL960_QL65_.jpg
"GET /media/https%3A/m.media-amazon.com/images/I/71aPGqgWrIL._AC_UL960_QL65_.jpg HTTP/1.1" 404 921
"GET /media/https%3A/m.media-amazon.com/images/I/61v4CTUZqlL._AC_UL960_QL65_.jpg HTTP/1.1" 404 920
Not Found: /media/https:/m.media-amazon.com/images/I/51NkCkKCr8L._AC_UL960_QL65_.jpg
"GET /media/https%3A/m.media-amazon.com/images/I/51NkCkKCr8L._AC_UL960_QL65_.jpg HTTP/1.1" 404 921
Not Found: /media/https:/m.media-amazon.com/images/I/71r8ib5E8KL._AC_UL960_QL65_.jpg
"GET /media/https%3A/m.media-amazon.com/images/I/71r8ib5E8KL._AC_UL960_QL65_.jpg HTTP/1.1" 404 921
Not Found: /media/https:/m.media-amazon.com/images/I/411DvlyZ8kL._AC_UL960_QL65_.jpg
Not Found: /media/https:/m.media-amazon.com/images/I/91lD9JbH2+L._AC_UL960_QL65_.jpg
"GET /media/https%3A/m.media-amazon.com/images/I/411DvlyZ8kL._AC_UL960_QL65_.jpg HTTP/1.1" 404 920
"GET /media/https%3A/m.media-amazon.com/images/I/91lD9JbH2%2BL._AC_UL960_QL65_.jpg HTTP/1.1" 404 922
Not Found: /media/https:/m.media-amazon.com/images/I/51l5bdSTPWL._AC_UY654_QL65_.jpg
Not Found: /media/https:/m.media-amazon.com/images/I/71HKa9bmPDL._AC_UY654_QL65_.jpg
"GET /media/https%3A/m.media-amazon.com/images/I/51l5bdSTPWL._AC_UY654_QL65_.jpg HTTP/1.1" 404 921
"GET /media/https%3A/m.media-amazon.com/images/I/71HKa9bmPDL._AC_UY654_QL65_.jpg HTTP/1.1" 404 922
Not Found: /media/https:/m.media-amazon.com/images/I/61EDPVY8JLL._AC_UY654_QL65_.jpg
"GET /media/https%3A/m.media-amazon.com/images/I/61EDPVY8JLL._AC_UY654_QL65_.jpg HTTP/1.1" 404 921
Not Found: /media/https:/m.media-amazon.com/images/I/61ZTzzDWuoL._AC_UL960_QL65_.jpg
"GET /media/https%3A/m.media-amazon.com/images/I/61ZTzzDWuoL._AC_UL960_QL65_.jpg HTTP/1.1" 404 922
Not Found: /media/https:/m.media-amazon.com/images/I/61AsoJFh0eL._AC_UL960_QL65_.jpg
Not Found: /media/https:/m.media-amazon.com/images/I/61yyKEjP6gL._AC_UL960_QL65_.jpg
Not Found: /media/https:/m.media-amazon.com/images/I/61Y+J7o1EDL._AC_UL960_QL65_.jpg
"GET /media/https%3A/m.media-amazon.com/images/I/61AsoJFh0eL._AC_UL960_QL65_.jpg HTTP/1.1" 404 919
"GET /media/https%3A/m.media-amazon.com/images/I/61yyKEjP6gL._AC_UL960_QL65_.jpg HTTP/1.1" 404 920
"GET /media/https%3A/m.media-amazon.com/images/I/61Y%2BJ7o1EDL._AC_UL960_QL65_.jpg HTTP/1.1" 404 921
Not Found: /media/https:/m.media-amazon.com/images/I/81OEVbtzgBL._AC_UL960_QL65_.jpg
"GET /media/https%3A/m.media-amazon.com/images/I/81OEVbtzgBL._AC_UL960_QL65_.jpg HTTP/1.1" 404 921
Not Found: /media/https:/m.media-amazon.com/images/I/51qIhXJByiL._AC_UL960_QL65_.jpg
"GET /media/https%3A/m.media-amazon.com/images/I/51qIhXJByiL._AC_UL960_QL65_.jpg HTTP/1.1" 404 922
Not Found: /media/https:/m.media-amazon.com/images/I/71Z84F3wgPL._AC_UL960_QL65_.jpg
"GET /media/https%3A/m.media-amazon.com/images/I/71Z84F3wgPL._AC_UL960_QL65_.jpg HTTP/1.1" 404 922
Not Found: /media/https:/m.media-amazon.com/images/I/71LcK1sYRUL._AC_UY654_QL65_.jpg
"GET /media/https%3A/m.media-amazon.com/images/I/71LcK1sYRUL._AC_UY654_QL65_.jpg HTTP/1.1" 404 921
"GET /data/part/1/ HTTP/1.1" 200 3993
"GET /media/parts/360/tooth.png HTTP/1.1" 304 0
"GET /data/part/3/ HTTP/1.1" 200 4178
Not Found: /media/https:/m.media-amazon.com/images/I/61v4CTUZqlL._AC_UL960_QL65_.jpg
"GET /media/https%3A/m.media-amazon.com/images/I/61v4CTUZqlL._AC_UL960_QL65_.jpg HTTP/1.1" 404 920
"GET /data/search/?q=jcb+filter HTTP/1.1" 200 4749
"GET /data/search/?q=JCB+Seal HTTP/1.1" 200 4745
"GET /data/search/?q=JCB HTTP/1.1" 200 6977
Not Found: /media/https:/m.media-amazon.com/images/I/61v4CTUZqlL._AC_UL960_QL65_.jpg
"GET /media/https%3A/m.media-amazon.com/images/I/61v4CTUZqlL._AC_UL960_QL65_.jpg HTTP/1.1" 404 920
Not Found: /media/https:/m.media-amazon.com/images/I/51NkCkKCr8L._AC_UL960_QL65_.jpg
"GET /media/https%3A/m.media-amazon.com/images/I/51NkCkKCr8L._AC_UL960_QL65_.jpg HTTP/1.1" 404 921
Not Found: /media/https:/m.media-amazon.com/images/I/71WWl1AJ4iL._AC_UL960_QL65_.jpg
Not Found: /media/https:/m.media-amazon.com/images/I/411DvlyZ8kL._AC_UL960_QL65_.jpg
Not Found: /media/https:/m.media-amazon.com/images/I/71aPGqgWrIL._AC_UL960_QL65_.jpg
"GET /media/https%3A/m.media-amazon.com/images/I/71WWl1AJ4iL._AC_UL960_QL65_.jpg HTTP/1.1" 404 922
Not Found: /media/https:/m.media-amazon.com/images/I/71r8ib5E8KL._AC_UL960_QL65_.jpg
"GET /media/https%3A/m.media-amazon.com/images/I/411DvlyZ8kL._AC_UL960_QL65_.jpg HTTP/1.1" 404 920
"GET /media/https%3A/m.media-amazon.com/images/I/71r8ib5E8KL._AC_UL960_QL65_.jpg HTTP/1.1" 404 921
"GET /media/https%3A/m.media-amazon.com/images/I/71aPGqgWrIL._AC_UL960_QL65_.jpg HTTP/1.1" 404 921
Not Found: /media/https:/m.media-amazon.com/images/I/91lD9JbH2+L._AC_UL960_QL65_.jpg
Not Found: /media/https:/m.media-amazon.com/images/I/51l5bdSTPWL._AC_UY654_QL65_.jpg
Not Found: /media/https:/m.media-amazon.com/images/I/61EDPVY8JLL._AC_UY654_QL65_.jpg
Not Found: /media/https:/m.media-amazon.com/images/I/61ZTzzDWuoL._AC_UL960_QL65_.jpg
Not Found: /media/https:/m.media-amazon.com/images/I/71HKa9bmPDL._AC_UY654_QL65_.jpg
"GET /media/https%3A/m.media-amazon.com/images/I/91lD9JbH2%2BL._AC_UL960_QL65_.jpg HTTP/1.1" 404 922
"GET /media/https%3A/m.media-amazon.com/images/I/61EDPVY8JLL._AC_UY654_QL65_.jpg HTTP/1.1" 404 921
"GET /media/https%3A/m.media-amazon.com/images/I/51l5bdSTPWL._AC_UY654_QL65_.jpg HTTP/1.1" 404 921
"GET /media/https%3A/m.media-amazon.com/images/I/71HKa9bmPDL._AC_UY654_QL65_.jpg HTTP/1.1" 404 922
"GET /media/https%3A/m.media-amazon.com/images/I/61ZTzzDWuoL._AC_UL960_QL65_.jpg HTTP/1.1" 404 922
Not Found: /media/https:/m.media-amazon.com/images/I/61AsoJFh0eL._AC_UL960_QL65_.jpg
"GET /media/https%3A/m.media-amazon.com/images/I/61AsoJFh0eL._AC_UL960_QL65_.jpg HTTP/1.1" 404 919
Not Found: /media/https:/m.media-amazon.com/images/I/61yyKEjP6gL._AC_UL960_QL65_.jpg
Not Found: /media/https:/m.media-amazon.com/images/I/81OEVbtzgBL._AC_UL960_QL65_.jpg
Not Found: /media/https:/m.media-amazon.com/images/I/51qIhXJByiL._AC_UL960_QL65_.jpg
Not Found: /media/https:/m.media-amazon.com/images/I/71Z84F3wgPL._AC_UL960_QL65_.jpg
Not Found: /media/https:/m.media-amazon.com/images/I/61Y+J7o1EDL._AC_UL960_QL65_.jpg
"GET /media/https%3A/m.media-amazon.com/images/I/81OEVbtzgBL._AC_UL960_QL65_.jpg HTTP/1.1" 404 921
"GET /media/https%3A/m.media-amazon.com/images/I/61yyKEjP6gL._AC_UL960_QL65_.jpg HTTP/1.1" 404 920
"GET /media/https%3A/m.media-amazon.com/images/I/61Y%2BJ7o1EDL._AC_UL960_QL65_.jpg HTTP/1.1" 404 921
"GET /media/https%3A/m.media-amazon.com/images/I/51qIhXJByiL._AC_UL960_QL65_.jpg HTTP/1.1" 404 922
"GET /media/https%3A/m.media-amazon.com/images/I/71Z84F3wgPL._AC_UL960_QL65_.jpg HTTP/1.1" 404 922
Not Found: /media/https:/m.media-amazon.com/images/I/71LcK1sYRUL._AC_UY654_QL65_.jpg
"GET /media/https%3A/m.media-amazon.com/images/I/71LcK1sYRUL._AC_UY654_QL65_.jpg HTTP/1.1" 404 921
"GET /data/search/?q=JCB+Seal HTTP/1.1" 200 4745
"GET /data/search/?q=JCB+Filter HTTP/1.1" 200 4748
"GET /data/search/?q=JCB HTTP/1.1" 200 6977
Not Found: /media/https:/m.media-amazon.com/images/I/61v4CTUZqlL._AC_UL960_QL65_.jpg
Not Found: /media/https:/m.media-amazon.com/images/I/51NkCkKCr8L._AC_UL960_QL65_.jpg
"GET /media/https%3A/m.media-amazon.com/images/I/61v4CTUZqlL._AC_UL960_QL65_.jpg HTTP/1.1" 404 920
"GET /media/https%3A/m.media-amazon.com/images/I/51NkCkKCr8L._AC_UL960_QL65_.jpg HTTP/1.1" 404 921
Not Found: /media/https:/m.media-amazon.com/images/I/411DvlyZ8kL._AC_UL960_QL65_.jpg
Not Found: /media/https:/m.media-amazon.com/images/I/71r8ib5E8KL._AC_UL960_QL65_.jpg
Not Found: /media/https:/m.media-amazon.com/images/I/71HKa9bmPDL._AC_UY654_QL65_.jpg
Not Found: /media/https:/m.media-amazon.com/images/I/71WWl1AJ4iL._AC_UL960_QL65_.jpg
"GET /media/https%3A/m.media-amazon.com/images/I/71r8ib5E8KL._AC_UL960_QL65_.jpg HTTP/1.1" 404 921
Not Found: /media/https:/m.media-amazon.com/images/I/71aPGqgWrIL._AC_UL960_QL65_.jpg
"GET /media/https%3A/m.media-amazon.com/images/I/71HKa9bmPDL._AC_UY654_QL65_.jpg HTTP/1.1" 404 922
"GET /media/https%3A/m.media-amazon.com/images/I/411DvlyZ8kL._AC_UL960_QL65_.jpg HTTP/1.1" 404 920
Not Found: /media/https:/m.media-amazon.com/images/I/91lD9JbH2+L._AC_UL960_QL65_.jpg
"GET /media/https%3A/m.media-amazon.com/images/I/71WWl1AJ4iL._AC_UL960_QL65_.jpg HTTP/1.1" 404 922
"GET /media/https%3A/m.media-amazon.com/images/I/71aPGqgWrIL._AC_UL960_QL65_.jpg HTTP/1.1" 404 921
"GET /media/https%3A/m.media-amazon.com/images/I/91lD9JbH2%2BL._AC_UL960_QL65_.jpg HTTP/1.1" 404 922
Not Found: /media/https:/m.media-amazon.com/images/I/51l5bdSTPWL._AC_UY654_QL65_.jpg
"GET /media/https%3A/m.media-amazon.com/images/I/51l5bdSTPWL._AC_UY654_QL65_.jpg HTTP/1.1" 404 921
Not Found: /media/https:/m.media-amazon.com/images/I/61AsoJFh0eL._AC_UL960_QL65_.jpg
Not Found: /media/https:/m.media-amazon.com/images/I/61EDPVY8JLL._AC_UY654_QL65_.jpg
"GET /media/https%3A/m.media-amazon.com/images/I/61AsoJFh0eL._AC_UL960_QL65_.jpg HTTP/1.1" 404 919
"GET /media/https%3A/m.media-amazon.com/images/I/61EDPVY8JLL._AC_UY654_QL65_.jpg HTTP/1.1" 404 921
Not Found: /media/https:/m.media-amazon.com/images/I/61ZTzzDWuoL._AC_UL960_QL65_.jpg
Not Found: /media/https:/m.media-amazon.com/images/I/61yyKEjP6gL._AC_UL960_QL65_.jpg
"GET /media/https%3A/m.media-amazon.com/images/I/61ZTzzDWuoL._AC_UL960_QL65_.jpg HTTP/1.1" 404 922
"GET /media/https%3A/m.media-amazon.com/images/I/61yyKEjP6gL._AC_UL960_QL65_.jpg HTTP/1.1" 404 920
Not Found: /media/https:/m.media-amazon.com/images/I/61Y+J7o1EDL._AC_UL960_QL65_.jpg
Not Found: /media/https:/m.media-amazon.com/images/I/81OEVbtzgBL._AC_UL960_QL65_.jpg
"GET /media/https%3A/m.media-amazon.com/images/I/61Y%2BJ7o1EDL._AC_UL960_QL65_.jpg HTTP/1.1" 404 921
Not Found: /media/https:/m.media-amazon.com/images/I/51qIhXJByiL._AC_UL960_QL65_.jpg
"GET /media/https%3A/m.media-amazon.com/images/I/81OEVbtzgBL._AC_UL960_QL65_.jpg HTTP/1.1" 404 921
"GET /media/https%3A/m.media-amazon.com/images/I/51qIhXJByiL._AC_UL960_QL65_.jpg HTTP/1.1" 404 922
Not Found: /media/https:/m.media-amazon.com/images/I/71Z84F3wgPL._AC_UL960_QL65_.jpg
"GET /media/https%3A/m.media-amazon.com/images/I/71Z84F3wgPL._AC_UL960_QL65_.jpg HTTP/1.1" 404 922
Not Found: /media/https:/m.media-amazon.com/images/I/71LcK1sYRUL._AC_UY654_QL65_.jpg
"GET /media/https%3A/m.media-amazon.com/images/I/71LcK1sYRUL._AC_UY654_QL65_.jpg HTTP/1.1" 404 921
Not Found: /admin/data/jcbpart/
"GET /admin/data/jcbpart/ HTTP/1.1" 404 1412
Not Found: /favicon.ico
"GET /favicon.ico HTTP/1.1" 404 1189
"GET /admin/ HTTP/1.1" 200 4030
"GET /static/admin/css/base.css HTTP/1.1" 200 0
"GET /static/jet/css/themes/default/jquery-ui.theme.css?v=1.0.8 HTTP/1.1" 200 6760
"GET /static/admin/css/dashboard.css HTTP/1.1" 200 0
"GET /static/jet/css/themes/default/base.css?v=1.0.8 HTTP/1.1" 200 178918
"GET /static/jet/css/icons/style.css?v=1.0.8 HTTP/1.1" 200 2248
"GET /static/jet/css/themes/default/select2.theme.css?v=1.0.8 HTTP/1.1" 200 23574
"GET /static/jet/css/vendor.css?v=1.0.8 HTTP/1.1" 200 53889
"GET /jet/jsi18n/ HTTP/1.1" 200 930
"GET /static/jet/js/i18n/select2/en.js?v=1.0.8 HTTP/1.1" 200 827
"GET /static/jet/js/build/bundle.min.js?v=1.0.8 HTTP/1.1" 200 417084
"GET /static/jet/css/icons/fonts/jet-icons.ttf?415d6s HTTP/1.1" 200 6240
"GET /data/search/?q=JCB HTTP/1.1" 200 6977
Not Found: /media/https:/m.media-amazon.com/images/I/61v4CTUZqlL._AC_UL960_QL65_.jpg
"GET /media/https%3A/m.media-amazon.com/images/I/61v4CTUZqlL._AC_UL960_QL65_.jpg HTTP/1.1" 404 920
Not Found: /media/https:/m.media-amazon.com/images/I/51NkCkKCr8L._AC_UL960_QL65_.jpg
"GET /media/https%3A/m.media-amazon.com/images/I/51NkCkKCr8L._AC_UL960_QL65_.jpg HTTP/1.1" 404 921
Not Found: /media/https:/m.media-amazon.com/images/I/71WWl1AJ4iL._AC_UL960_QL65_.jpg
"GET /media/https%3A/m.media-amazon.com/images/I/71WWl1AJ4iL._AC_UL960_QL65_.jpg HTTP/1.1" 404 922
Not Found: /media/https:/m.media-amazon.com/images/I/71HKa9bmPDL._AC_UY654_QL65_.jpg
Not Found: /media/https:/m.media-amazon.com/images/I/411DvlyZ8kL._AC_UL960_QL65_.jpg
"GET /media/https%3A/m.media-amazon.com/images/I/71HKa9bmPDL._AC_UY654_QL65_.jpg HTTP/1.1" 404 922
Not Found: /media/https:/m.media-amazon.com/images/I/71r8ib5E8KL._AC_UL960_QL65_.jpg
Not Found: /media/https:/m.media-amazon.com/images/I/91lD9JbH2+L._AC_UL960_QL65_.jpg
Not Found: /media/https:/m.media-amazon.com/images/I/71aPGqgWrIL._AC_UL960_QL65_.jpg
"GET /media/https%3A/m.media-amazon.com/images/I/71r8ib5E8KL._AC_UL960_QL65_.jpg HTTP/1.1" 404 921
"GET /media/https%3A/m.media-amazon.com/images/I/411DvlyZ8kL._AC_UL960_QL65_.jpg HTTP/1.1" 404 920
"GET /media/https%3A/m.media-amazon.com/images/I/91lD9JbH2%2BL._AC_UL960_QL65_.jpg HTTP/1.1" 404 922
"GET /media/https%3A/m.media-amazon.com/images/I/71aPGqgWrIL._AC_UL960_QL65_.jpg HTTP/1.1" 404 921
Not Found: /media/https:/m.media-amazon.com/images/I/51l5bdSTPWL._AC_UY654_QL65_.jpg
Not Found: /media/https:/m.media-amazon.com/images/I/61EDPVY8JLL._AC_UY654_QL65_.jpg
"GET /media/https%3A/m.media-amazon.com/images/I/51l5bdSTPWL._AC_UY654_QL65_.jpg HTTP/1.1" 404 921
"GET /media/https%3A/m.media-amazon.com/images/I/61EDPVY8JLL._AC_UY654_QL65_.jpg HTTP/1.1" 404 921
Not Found: /media/https:/m.media-amazon.com/images/I/61AsoJFh0eL._AC_UL960_QL65_.jpg
Not Found: /media/https:/m.media-amazon.com/images/I/61Y+J7o1EDL._AC_UL960_QL65_.jpg
Not Found: /media/https:/m.media-amazon.com/images/I/61ZTzzDWuoL._AC_UL960_QL65_.jpg
Not Found: /media/https:/m.media-amazon.com/images/I/61yyKEjP6gL._AC_UL960_QL65_.jpg
"GET /media/https%3A/m.media-amazon.com/images/I/61AsoJFh0eL._AC_UL960_QL65_.jpg HTTP/1.1" 404 919
"GET /media/https%3A/m.media-amazon.com/images/I/61Y%2BJ7o1EDL._AC_UL960_QL65_.jpg HTTP/1.1" 404 921
"GET /media/https%3A/m.media-amazon.com/images/I/61yyKEjP6gL._AC_UL960_QL65_.jpg HTTP/1.1" 404 920
"GET /media/https%3A/m.media-amazon.com/images/I/61ZTzzDWuoL._AC_UL960_QL65_.jpg HTTP/1.1" 404 922
Not Found: /media/https:/m.media-amazon.com/images/I/81OEVbtzgBL._AC_UL960_QL65_.jpg
Not Found: /media/https:/m.media-amazon.com/images/I/51qIhXJByiL._AC_UL960_QL65_.jpg
"GET /media/https%3A/m.media-amazon.com/images/I/81OEVbtzgBL._AC_UL960_QL65_.jpg HTTP/1.1" 404 921
"GET /media/https%3A/m.media-amazon.com/images/I/51qIhXJByiL._AC_UL960_QL65_.jpg HTTP/1.1" 404 922
Not Found: /media/https:/m.media-amazon.com/images/I/71LcK1sYRUL._AC_UY654_QL65_.jpg
Not Found: /media/https:/m.media-amazon.com/images/I/71Z84F3wgPL._AC_UL960_QL65_.jpg
"GET /media/https%3A/m.media-amazon.com/images/I/71LcK1sYRUL._AC_UY654_QL65_.jpg HTTP/1.1" 404 921
"GET /media/https%3A/m.media-amazon.com/images/I/71Z84F3wgPL._AC_UL960_QL65_.jpg HTTP/1.1" 404 922
D:\inventort-managment\data\admin.py changed, reloading.
Watching for file changes with StatReloader
D:\inventort-managment\data\views.py changed, reloading.
Watching for file changes with StatReloader
"GET /admin/data/jcbpart/ HTTP/1.1" 200 3710
"GET /static/admin/css/base.css HTTP/1.1" 200 0
"GET /static/jet/css/icons/style.css?v=1.0.8 HTTP/1.1" 200 2248
"GET /static/jet/css/vendor.css?v=1.0.8 HTTP/1.1" 200 53889
"GET /static/jet/css/themes/default/select2.theme.css?v=1.0.8 HTTP/1.1" 200 23574
"GET /static/jet/css/themes/default/jquery-ui.theme.css?v=1.0.8 HTTP/1.1" 200 6760
"GET /static/admin/css/changelists.css HTTP/1.1" 200 0
"GET /admin/jsi18n/ HTTP/1.1" 200 930
"GET /static/jet/css/themes/default/base.css?v=1.0.8 HTTP/1.1" 200 178918
"GET /jet/jsi18n/ HTTP/1.1" 200 930
"GET /static/jet/js/build/bundle.min.js?v=1.0.8 HTTP/1.1" 200 417084
"GET /static/jet/js/i18n/select2/en.js?v=1.0.8 HTTP/1.1" 200 827
"GET /static/admin/js/admin/RelatedObjectLookups.js HTTP/1.1" 200 0
"GET /static/admin/js/jquery.init.js HTTP/1.1" 200 363
"GET /static/admin/js/prepopulate.js HTTP/1.1" 200 1530
"GET /static/admin/js/urlify.js HTTP/1.1" 200 8972
"GET /static/admin/js/core.js HTTP/1.1" 200 7135
"GET /static/admin/js/actions.js HTTP/1.1" 200 6538
"GET /static/admin/img/search.svg HTTP/1.1" 200 458
"GET /static/admin/js/vendor/xregexp/xregexp.js HTTP/1.1" 200 128820
"GET /static/admin/js/vendor/jquery/jquery.js HTTP/1.1" 200 271817
"GET /static/jet/css/icons/fonts/jet-icons.ttf?415d6s HTTP/1.1" 200 6240
Not Found: /favicon.ico
"GET /favicon.ico HTTP/1.1" 404 1189
"GET /admin/ HTTP/1.1" 200 4087
"GET /jet/jsi18n/ HTTP/1.1" 200 930
"GET /static/admin/css/dashboard.css HTTP/1.1" 200 0
"GET / HTTP/1.1" 200 3678
"GET /admin/data/jcbpart/ HTTP/1.1" 200 3708
"GET /jet/jsi18n/ HTTP/1.1" 200 930
"GET /admin/jsi18n/ HTTP/1.1" 200 930
"GET /admin/data/jcbpart/?q=JCB HTTP/1.1" 200 3742
"GET /jet/jsi18n/ HTTP/1.1" 200 930
"GET /admin/jsi18n/ HTTP/1.1" 200 930
"GET /admin/data/jcbpart/?q=JCB HTTP/1.1" 200 3748
"GET /jet/jsi18n/ HTTP/1.1" 200 930
"GET /admin/jsi18n/ HTTP/1.1" 200 930
"GET /admin/data/jcbpart/?o=1&q=JCB HTTP/1.1" 200 3834
"GET /jet/jsi18n/ HTTP/1.1" 200 930
"GET /admin/jsi18n/ HTTP/1.1" 200 930
"GET /admin/data/jcbpart/add/?_changelist_filters=o%3D1%26q%3DJCB HTTP/1.1" 200 3377
"GET /jet/jsi18n/ HTTP/1.1" 200 930
"GET /admin/jsi18n/ HTTP/1.1" 200 930
"GET /static/admin/css/forms.css HTTP/1.1" 200 0
"GET /static/admin/js/prepopulate_init.js HTTP/1.1" 200 495
"GET /static/admin/js/change_form.js HTTP/1.1" 200 712
"GET /admin/data/jcbpart/?o=1&q=JCB HTTP/1.1" 200 3836
Watching for file changes with StatReloader
"GET / HTTP/1.1" 200 3678
"GET /data/search/?q=JCB HTTP/1.1" 200 5095
"GET /media/parts/360/pump.png HTTP/1.1" 304 0
"GET /media/parts/360/tooth.png HTTP/1.1" 200 455208
"GET /data/part/1/ HTTP/1.1" 200 3993
"GET /data/search/?q=gear HTTP/1.1" 200 5030
D:\inventort-managment\data\views.py changed, reloading.
D:\inventort-managment\data\views.py changed, reloading.
Watching for file changes with StatReloader
Watching for file changes with StatReloader
D:\inventort-managment\data\views.py changed, reloading.
D:\inventort-managment\data\views.py changed, reloading.
Watching for file changes with StatReloader
Watching for file changes with StatReloader
"GET / HTTP/1.1" 200 3678
Internal Server Error: /data/search/
Traceback (most recent call last):
  File "D:\inventort-managment\env\Lib\site-packages\django\core\handlers\exception.py", line 34, in inner
    response = get_response(request)
               ^^^^^^^^^^^^^^^^^^^^^
  File "D:\inventort-managment\env\Lib\site-packages\django\core\handlers\base.py", line 115, in _get_response
    response = self.process_exception_by_middleware(e, request)
               ^^^^^^^^^^^^^^^^^^^^^^^^^^^^^^^^^^^^^^^^^^^^^^^^
  File "D:\inventort-managment\env\Lib\site-packages\django\core\handlers\base.py", line 113, in _get_response
    response = wrapped_callback(request, *callback_args, **callback_kwargs)
               ^^^^^^^^^^^^^^^^^^^^^^^^^^^^^^^^^^^^^^^^^^^^^^^^^^^^^^^^^^^^
  File "D:\inventort-managment\data\views.py", line 64, in GlobalSearch
    'jcb_products': jcb_products,
                    ^^^^^^^^^^^^
UnboundLocalError: cannot access local variable 'jcb_products' where it is not associated with a value
"GET /data/search/?q=JCB HTTP/1.1" 500 12523
Not Found: /favicon.ico
"GET /favicon.ico HTTP/1.1" 404 1189
D:\inventort-managment\data\views.py changed, reloading.
D:\inventort-managment\data\views.py changed, reloading.
Watching for file changes with StatReloader
Watching for file changes with StatReloader
"GET / HTTP/1.1" 200 3678
"GET /data/search/?q=JCB HTTP/1.1" 200 5095
"GET /data/search/?q=JCB HTTP/1.1" 200 5095
"GET /media/parts/360/pump.png HTTP/1.1" 304 0
"GET /media/parts/360/tooth.png HTTP/1.1" 304 0
D:\inventort-managment\data\views.py changed, reloading.
D:\inventort-managment\data\views.py changed, reloading.
Watching for file changes with StatReloader
Watching for file changes with StatReloader
"GET /data/search/?q=gear HTTP/1.1" 200 5030
"GET /data/search/?q=JCB HTTP/1.1" 200 5095
Watching for file changes with StatReloader
Internal Server Error: /
Traceback (most recent call last):
  File "D:\inventort-managment\env\Lib\site-packages\django\template\base.py", line 470, in parse
    compile_func = self.tags[command]
                   ~~~~~~~~~^^^^^^^^^
KeyError: 'else'

During handling of the above exception, another exception occurred:

Traceback (most recent call last):
  File "D:\inventort-managment\env\Lib\site-packages\django\core\handlers\exception.py", line 34, in inner
    response = get_response(request)
               ^^^^^^^^^^^^^^^^^^^^^
  File "D:\inventort-managment\env\Lib\site-packages\django\core\handlers\base.py", line 115, in _get_response
    response = self.process_exception_by_middleware(e, request)
               ^^^^^^^^^^^^^^^^^^^^^^^^^^^^^^^^^^^^^^^^^^^^^^^^
  File "D:\inventort-managment\env\Lib\site-packages\django\core\handlers\base.py", line 113, in _get_response
    response = wrapped_callback(request, *callback_args, **callback_kwargs)
               ^^^^^^^^^^^^^^^^^^^^^^^^^^^^^^^^^^^^^^^^^^^^^^^^^^^^^^^^^^^^
  File "D:\inventort-managment\env\Lib\site-packages\django\contrib\auth\decorators.py", line 21, in _wrapped_view
    return view_func(request, *args, **kwargs)
           ^^^^^^^^^^^^^^^^^^^^^^^^^^^^^^^^^^^
  File "D:\inventort-managment\cashier\views.py", line 44, in HomeIndex
    return render(request, 'cashier/home.html', context)
           ^^^^^^^^^^^^^^^^^^^^^^^^^^^^^^^^^^^^^^^^^^^^^
  File "D:\inventort-managment\env\Lib\site-packages\django\shortcuts.py", line 36, in render
    content = loader.render_to_string(template_name, context, request, using=using)
              ^^^^^^^^^^^^^^^^^^^^^^^^^^^^^^^^^^^^^^^^^^^^^^^^^^^^^^^^^^^^^^^^^^^^^
  File "D:\inventort-managment\env\Lib\site-packages\django\template\loader.py", line 62, in render_to_string
    return template.render(context, request)
           ^^^^^^^^^^^^^^^^^^^^^^^^^^^^^^^^^
  File "D:\inventort-managment\env\Lib\site-packages\django\template\backends\django.py", line 61, in render
    return self.template.render(context)
           ^^^^^^^^^^^^^^^^^^^^^^^^^^^^^
  File "D:\inventort-managment\env\Lib\site-packages\django\template\base.py", line 171, in render
    return self._render(context)
           ^^^^^^^^^^^^^^^^^^^^^
  File "D:\inventort-managment\env\Lib\site-packages\django\template\base.py", line 163, in _render
    return self.nodelist.render(context)
           ^^^^^^^^^^^^^^^^^^^^^^^^^^^^^
  File "D:\inventort-managment\env\Lib\site-packages\django\template\base.py", line 937, in render
    bit = node.render_annotated(context)
          ^^^^^^^^^^^^^^^^^^^^^^^^^^^^^^
  File "D:\inventort-managment\env\Lib\site-packages\django\template\base.py", line 904, in render_annotated
    return self.render(context)
           ^^^^^^^^^^^^^^^^^^^^
  File "D:\inventort-managment\env\Lib\site-packages\django\template\loader_tags.py", line 127, in render
    compiled_parent = self.get_parent(context)
                      ^^^^^^^^^^^^^^^^^^^^^^^^
  File "D:\inventort-managment\env\Lib\site-packages\django\template\loader_tags.py", line 124, in get_parent
    return self.find_template(parent, context)
           ^^^^^^^^^^^^^^^^^^^^^^^^^^^^^^^^^^^
  File "D:\inventort-managment\env\Lib\site-packages\django\template\loader_tags.py", line 103, in find_template
    template, origin = context.template.engine.find_template(
                       ^^^^^^^^^^^^^^^^^^^^^^^^^^^^^^^^^^^^^^
  File "D:\inventort-managment\env\Lib\site-packages\django\template\engine.py", line 125, in find_template
    template = loader.get_template(name, skip=skip)
               ^^^^^^^^^^^^^^^^^^^^^^^^^^^^^^^^^^^^
  File "D:\inventort-managment\env\Lib\site-packages\django\template\loaders\base.py", line 29, in get_template
    return Template(
           ^^^^^^^^^
  File "D:\inventort-managment\env\Lib\site-packages\django\template\base.py", line 156, in __init__
    self.nodelist = self.compile_nodelist()
                    ^^^^^^^^^^^^^^^^^^^^^^^
  File "D:\inventort-managment\env\Lib\site-packages\django\template\base.py", line 194, in compile_nodelist
    return parser.parse()
           ^^^^^^^^^^^^^^
  File "D:\inventort-managment\env\Lib\site-packages\django\template\base.py", line 472, in parse
    self.invalid_block_tag(token, command, parse_until)
  File "D:\inventort-managment\env\Lib\site-packages\django\template\base.py", line 531, in invalid_block_tag
    raise self.error(
django.template.exceptions.TemplateSyntaxError: Invalid block tag on line 138: 'else'. Did you forget to register or load this tag?
"GET / HTTP/1.1" 500 21610
Not Found: /favicon.ico
"GET /favicon.ico HTTP/1.1" 404 1189
Internal Server Error: /
Traceback (most recent call last):
  File "D:\inventort-managment\env\Lib\site-packages\django\template\base.py", line 470, in parse
    compile_func = self.tags[command]
                   ~~~~~~~~~^^^^^^^^^
KeyError: 'else'

During handling of the above exception, another exception occurred:

Traceback (most recent call last):
  File "D:\inventort-managment\env\Lib\site-packages\django\core\handlers\exception.py", line 34, in inner
    response = get_response(request)
               ^^^^^^^^^^^^^^^^^^^^^
  File "D:\inventort-managment\env\Lib\site-packages\django\core\handlers\base.py", line 115, in _get_response
    response = self.process_exception_by_middleware(e, request)
               ^^^^^^^^^^^^^^^^^^^^^^^^^^^^^^^^^^^^^^^^^^^^^^^^
  File "D:\inventort-managment\env\Lib\site-packages\django\core\handlers\base.py", line 113, in _get_response
    response = wrapped_callback(request, *callback_args, **callback_kwargs)
               ^^^^^^^^^^^^^^^^^^^^^^^^^^^^^^^^^^^^^^^^^^^^^^^^^^^^^^^^^^^^
  File "D:\inventort-managment\env\Lib\site-packages\django\contrib\auth\decorators.py", line 21, in _wrapped_view
    return view_func(request, *args, **kwargs)
           ^^^^^^^^^^^^^^^^^^^^^^^^^^^^^^^^^^^
  File "D:\inventort-managment\cashier\views.py", line 44, in HomeIndex
    return render(request, 'cashier/home.html', context)
           ^^^^^^^^^^^^^^^^^^^^^^^^^^^^^^^^^^^^^^^^^^^^^
  File "D:\inventort-managment\env\Lib\site-packages\django\shortcuts.py", line 36, in render
    content = loader.render_to_string(template_name, context, request, using=using)
              ^^^^^^^^^^^^^^^^^^^^^^^^^^^^^^^^^^^^^^^^^^^^^^^^^^^^^^^^^^^^^^^^^^^^^
  File "D:\inventort-managment\env\Lib\site-packages\django\template\loader.py", line 62, in render_to_string
    return template.render(context, request)
           ^^^^^^^^^^^^^^^^^^^^^^^^^^^^^^^^^
  File "D:\inventort-managment\env\Lib\site-packages\django\template\backends\django.py", line 61, in render
    return self.template.render(context)
           ^^^^^^^^^^^^^^^^^^^^^^^^^^^^^
  File "D:\inventort-managment\env\Lib\site-packages\django\template\base.py", line 171, in render
    return self._render(context)
           ^^^^^^^^^^^^^^^^^^^^^
  File "D:\inventort-managment\env\Lib\site-packages\django\template\base.py", line 163, in _render
    return self.nodelist.render(context)
           ^^^^^^^^^^^^^^^^^^^^^^^^^^^^^
  File "D:\inventort-managment\env\Lib\site-packages\django\template\base.py", line 937, in render
    bit = node.render_annotated(context)
          ^^^^^^^^^^^^^^^^^^^^^^^^^^^^^^
  File "D:\inventort-managment\env\Lib\site-packages\django\template\base.py", line 904, in render_annotated
    return self.render(context)
           ^^^^^^^^^^^^^^^^^^^^
  File "D:\inventort-managment\env\Lib\site-packages\django\template\loader_tags.py", line 127, in render
    compiled_parent = self.get_parent(context)
                      ^^^^^^^^^^^^^^^^^^^^^^^^
  File "D:\inventort-managment\env\Lib\site-packages\django\template\loader_tags.py", line 124, in get_parent
    return self.find_template(parent, context)
           ^^^^^^^^^^^^^^^^^^^^^^^^^^^^^^^^^^^
  File "D:\inventort-managment\env\Lib\site-packages\django\template\loader_tags.py", line 103, in find_template
    template, origin = context.template.engine.find_template(
                       ^^^^^^^^^^^^^^^^^^^^^^^^^^^^^^^^^^^^^^
  File "D:\inventort-managment\env\Lib\site-packages\django\template\engine.py", line 125, in find_template
    template = loader.get_template(name, skip=skip)
               ^^^^^^^^^^^^^^^^^^^^^^^^^^^^^^^^^^^^
  File "D:\inventort-managment\env\Lib\site-packages\django\template\loaders\base.py", line 29, in get_template
    return Template(
           ^^^^^^^^^
  File "D:\inventort-managment\env\Lib\site-packages\django\template\base.py", line 156, in __init__
    self.nodelist = self.compile_nodelist()
                    ^^^^^^^^^^^^^^^^^^^^^^^
  File "D:\inventort-managment\env\Lib\site-packages\django\template\base.py", line 194, in compile_nodelist
    return parser.parse()
           ^^^^^^^^^^^^^^
  File "D:\inventort-managment\env\Lib\site-packages\django\template\base.py", line 472, in parse
    self.invalid_block_tag(token, command, parse_until)
  File "D:\inventort-managment\env\Lib\site-packages\django\template\base.py", line 531, in invalid_block_tag
    raise self.error(
django.template.exceptions.TemplateSyntaxError: Invalid block tag on line 138: 'else'. Did you forget to register or load this tag?
"GET / HTTP/1.1" 500 21621
Internal Server Error: /
Traceback (most recent call last):
  File "D:\inventort-managment\env\Lib\site-packages\django\core\handlers\exception.py", line 34, in inner
    response = get_response(request)
               ^^^^^^^^^^^^^^^^^^^^^
  File "D:\inventort-managment\env\Lib\site-packages\django\core\handlers\base.py", line 115, in _get_response
    response = self.process_exception_by_middleware(e, request)
               ^^^^^^^^^^^^^^^^^^^^^^^^^^^^^^^^^^^^^^^^^^^^^^^^
  File "D:\inventort-managment\env\Lib\site-packages\django\core\handlers\base.py", line 113, in _get_response
    response = wrapped_callback(request, *callback_args, **callback_kwargs)
               ^^^^^^^^^^^^^^^^^^^^^^^^^^^^^^^^^^^^^^^^^^^^^^^^^^^^^^^^^^^^
  File "D:\inventort-managment\env\Lib\site-packages\django\contrib\auth\decorators.py", line 21, in _wrapped_view
    return view_func(request, *args, **kwargs)
           ^^^^^^^^^^^^^^^^^^^^^^^^^^^^^^^^^^^
  File "D:\inventort-managment\cashier\views.py", line 44, in HomeIndex
    return render(request, 'cashier/home.html', context)
           ^^^^^^^^^^^^^^^^^^^^^^^^^^^^^^^^^^^^^^^^^^^^^
  File "D:\inventort-managment\env\Lib\site-packages\django\shortcuts.py", line 36, in render
    content = loader.render_to_string(template_name, context, request, using=using)
              ^^^^^^^^^^^^^^^^^^^^^^^^^^^^^^^^^^^^^^^^^^^^^^^^^^^^^^^^^^^^^^^^^^^^^
  File "D:\inventort-managment\env\Lib\site-packages\django\template\loader.py", line 62, in render_to_string
    return template.render(context, request)
           ^^^^^^^^^^^^^^^^^^^^^^^^^^^^^^^^^
  File "D:\inventort-managment\env\Lib\site-packages\django\template\backends\django.py", line 61, in render
    return self.template.render(context)
           ^^^^^^^^^^^^^^^^^^^^^^^^^^^^^
  File "D:\inventort-managment\env\Lib\site-packages\django\template\base.py", line 171, in render
    return self._render(context)
           ^^^^^^^^^^^^^^^^^^^^^
  File "D:\inventort-managment\env\Lib\site-packages\django\template\base.py", line 163, in _render
    return self.nodelist.render(context)
           ^^^^^^^^^^^^^^^^^^^^^^^^^^^^^
  File "D:\inventort-managment\env\Lib\site-packages\django\template\base.py", line 937, in render
    bit = node.render_annotated(context)
          ^^^^^^^^^^^^^^^^^^^^^^^^^^^^^^
  File "D:\inventort-managment\env\Lib\site-packages\django\template\base.py", line 904, in render_annotated
    return self.render(context)
           ^^^^^^^^^^^^^^^^^^^^
  File "D:\inventort-managment\env\Lib\site-packages\django\template\loader_tags.py", line 150, in render
    return compiled_parent._render(context)
           ^^^^^^^^^^^^^^^^^^^^^^^^^^^^^^^^
  File "D:\inventort-managment\env\Lib\site-packages\django\template\base.py", line 163, in _render
    return self.nodelist.render(context)
           ^^^^^^^^^^^^^^^^^^^^^^^^^^^^^
  File "D:\inventort-managment\env\Lib\site-packages\django\template\base.py", line 937, in render
    bit = node.render_annotated(context)
          ^^^^^^^^^^^^^^^^^^^^^^^^^^^^^^
  File "D:\inventort-managment\env\Lib\site-packages\django\template\base.py", line 904, in render_annotated
    return self.render(context)
           ^^^^^^^^^^^^^^^^^^^^
  File "D:\inventort-managment\env\Lib\site-packages\django\template\defaulttags.py", line 309, in render
    return nodelist.render(context)
           ^^^^^^^^^^^^^^^^^^^^^^^^
  File "D:\inventort-managment\env\Lib\site-packages\django\template\base.py", line 937, in render
    bit = node.render_annotated(context)
          ^^^^^^^^^^^^^^^^^^^^^^^^^^^^^^
  File "D:\inventort-managment\env\Lib\site-packages\django\template\base.py", line 904, in render_annotated
    return self.render(context)
           ^^^^^^^^^^^^^^^^^^^^
  File "D:\inventort-managment\env\Lib\site-packages\django\template\defaulttags.py", line 443, in render
    url = reverse(view_name, args=args, kwargs=kwargs, current_app=current_app)
          ^^^^^^^^^^^^^^^^^^^^^^^^^^^^^^^^^^^^^^^^^^^^^^^^^^^^^^^^^^^^^^^^^^^^^
  File "D:\inventort-managment\env\Lib\site-packages\django\urls\base.py", line 90, in reverse
    return iri_to_uri(resolver._reverse_with_prefix(view, prefix, *args, **kwargs))
                      ^^^^^^^^^^^^^^^^^^^^^^^^^^^^^^^^^^^^^^^^^^^^^^^^^^^^^^^^^^^^
  File "D:\inventort-managment\env\Lib\site-packages\django\urls\resolvers.py", line 668, in _reverse_with_prefix
    raise NoReverseMatch(msg)
django.urls.exceptions.NoReverseMatch: Reverse for 'StockList' not found. 'StockList' is not a valid view function or pattern name.
"GET / HTTP/1.1" 500 20507
Not Found: /favicon.ico
"GET /favicon.ico HTTP/1.1" 404 1189
Internal Server Error: /
Traceback (most recent call last):
  File "D:\inventort-managment\env\Lib\site-packages\django\core\handlers\exception.py", line 34, in inner
    response = get_response(request)
               ^^^^^^^^^^^^^^^^^^^^^
  File "D:\inventort-managment\env\Lib\site-packages\django\core\handlers\base.py", line 115, in _get_response
    response = self.process_exception_by_middleware(e, request)
               ^^^^^^^^^^^^^^^^^^^^^^^^^^^^^^^^^^^^^^^^^^^^^^^^
  File "D:\inventort-managment\env\Lib\site-packages\django\core\handlers\base.py", line 113, in _get_response
    response = wrapped_callback(request, *callback_args, **callback_kwargs)
               ^^^^^^^^^^^^^^^^^^^^^^^^^^^^^^^^^^^^^^^^^^^^^^^^^^^^^^^^^^^^
  File "D:\inventort-managment\env\Lib\site-packages\django\contrib\auth\decorators.py", line 21, in _wrapped_view
    return view_func(request, *args, **kwargs)
           ^^^^^^^^^^^^^^^^^^^^^^^^^^^^^^^^^^^
  File "D:\inventort-managment\cashier\views.py", line 44, in HomeIndex
    return render(request, 'cashier/home.html', context)
           ^^^^^^^^^^^^^^^^^^^^^^^^^^^^^^^^^^^^^^^^^^^^^
  File "D:\inventort-managment\env\Lib\site-packages\django\shortcuts.py", line 36, in render
    content = loader.render_to_string(template_name, context, request, using=using)
              ^^^^^^^^^^^^^^^^^^^^^^^^^^^^^^^^^^^^^^^^^^^^^^^^^^^^^^^^^^^^^^^^^^^^^
  File "D:\inventort-managment\env\Lib\site-packages\django\template\loader.py", line 62, in render_to_string
    return template.render(context, request)
           ^^^^^^^^^^^^^^^^^^^^^^^^^^^^^^^^^
  File "D:\inventort-managment\env\Lib\site-packages\django\template\backends\django.py", line 61, in render
    return self.template.render(context)
           ^^^^^^^^^^^^^^^^^^^^^^^^^^^^^
  File "D:\inventort-managment\env\Lib\site-packages\django\template\base.py", line 171, in render
    return self._render(context)
           ^^^^^^^^^^^^^^^^^^^^^
  File "D:\inventort-managment\env\Lib\site-packages\django\template\base.py", line 163, in _render
    return self.nodelist.render(context)
           ^^^^^^^^^^^^^^^^^^^^^^^^^^^^^
  File "D:\inventort-managment\env\Lib\site-packages\django\template\base.py", line 937, in render
    bit = node.render_annotated(context)
          ^^^^^^^^^^^^^^^^^^^^^^^^^^^^^^
  File "D:\inventort-managment\env\Lib\site-packages\django\template\base.py", line 904, in render_annotated
    return self.render(context)
           ^^^^^^^^^^^^^^^^^^^^
  File "D:\inventort-managment\env\Lib\site-packages\django\template\loader_tags.py", line 150, in render
    return compiled_parent._render(context)
           ^^^^^^^^^^^^^^^^^^^^^^^^^^^^^^^^
  File "D:\inventort-managment\env\Lib\site-packages\django\template\base.py", line 163, in _render
    return self.nodelist.render(context)
           ^^^^^^^^^^^^^^^^^^^^^^^^^^^^^
  File "D:\inventort-managment\env\Lib\site-packages\django\template\base.py", line 937, in render
    bit = node.render_annotated(context)
          ^^^^^^^^^^^^^^^^^^^^^^^^^^^^^^
  File "D:\inventort-managment\env\Lib\site-packages\django\template\base.py", line 904, in render_annotated
    return self.render(context)
           ^^^^^^^^^^^^^^^^^^^^
  File "D:\inventort-managment\env\Lib\site-packages\django\template\defaulttags.py", line 309, in render
    return nodelist.render(context)
           ^^^^^^^^^^^^^^^^^^^^^^^^
  File "D:\inventort-managment\env\Lib\site-packages\django\template\base.py", line 937, in render
    bit = node.render_annotated(context)
          ^^^^^^^^^^^^^^^^^^^^^^^^^^^^^^
  File "D:\inventort-managment\env\Lib\site-packages\django\template\base.py", line 904, in render_annotated
    return self.render(context)
           ^^^^^^^^^^^^^^^^^^^^
  File "D:\inventort-managment\env\Lib\site-packages\django\template\defaulttags.py", line 443, in render
    url = reverse(view_name, args=args, kwargs=kwargs, current_app=current_app)
          ^^^^^^^^^^^^^^^^^^^^^^^^^^^^^^^^^^^^^^^^^^^^^^^^^^^^^^^^^^^^^^^^^^^^^
  File "D:\inventort-managment\env\Lib\site-packages\django\urls\base.py", line 90, in reverse
    return iri_to_uri(resolver._reverse_with_prefix(view, prefix, *args, **kwargs))
                      ^^^^^^^^^^^^^^^^^^^^^^^^^^^^^^^^^^^^^^^^^^^^^^^^^^^^^^^^^^^^
  File "D:\inventort-managment\env\Lib\site-packages\django\urls\resolvers.py", line 668, in _reverse_with_prefix
    raise NoReverseMatch(msg)
django.urls.exceptions.NoReverseMatch: Reverse for 'StockList' not found. 'StockList' is not a valid view function or pattern name.
"GET / HTTP/1.1" 500 20539
Internal Server Error: /
Traceback (most recent call last):
  File "D:\inventort-managment\env\Lib\site-packages\django\core\handlers\exception.py", line 34, in inner
    response = get_response(request)
               ^^^^^^^^^^^^^^^^^^^^^
  File "D:\inventort-managment\env\Lib\site-packages\django\core\handlers\base.py", line 115, in _get_response
    response = self.process_exception_by_middleware(e, request)
               ^^^^^^^^^^^^^^^^^^^^^^^^^^^^^^^^^^^^^^^^^^^^^^^^
  File "D:\inventort-managment\env\Lib\site-packages\django\core\handlers\base.py", line 113, in _get_response
    response = wrapped_callback(request, *callback_args, **callback_kwargs)
               ^^^^^^^^^^^^^^^^^^^^^^^^^^^^^^^^^^^^^^^^^^^^^^^^^^^^^^^^^^^^
  File "D:\inventort-managment\env\Lib\site-packages\django\contrib\auth\decorators.py", line 21, in _wrapped_view
    return view_func(request, *args, **kwargs)
           ^^^^^^^^^^^^^^^^^^^^^^^^^^^^^^^^^^^
  File "D:\inventort-managment\cashier\views.py", line 44, in HomeIndex
    return render(request, 'cashier/home.html', context)
           ^^^^^^^^^^^^^^^^^^^^^^^^^^^^^^^^^^^^^^^^^^^^^
  File "D:\inventort-managment\env\Lib\site-packages\django\shortcuts.py", line 36, in render
    content = loader.render_to_string(template_name, context, request, using=using)
              ^^^^^^^^^^^^^^^^^^^^^^^^^^^^^^^^^^^^^^^^^^^^^^^^^^^^^^^^^^^^^^^^^^^^^
  File "D:\inventort-managment\env\Lib\site-packages\django\template\loader.py", line 62, in render_to_string
    return template.render(context, request)
           ^^^^^^^^^^^^^^^^^^^^^^^^^^^^^^^^^
  File "D:\inventort-managment\env\Lib\site-packages\django\template\backends\django.py", line 61, in render
    return self.template.render(context)
           ^^^^^^^^^^^^^^^^^^^^^^^^^^^^^
  File "D:\inventort-managment\env\Lib\site-packages\django\template\base.py", line 171, in render
    return self._render(context)
           ^^^^^^^^^^^^^^^^^^^^^
  File "D:\inventort-managment\env\Lib\site-packages\django\template\base.py", line 163, in _render
    return self.nodelist.render(context)
           ^^^^^^^^^^^^^^^^^^^^^^^^^^^^^
  File "D:\inventort-managment\env\Lib\site-packages\django\template\base.py", line 937, in render
    bit = node.render_annotated(context)
          ^^^^^^^^^^^^^^^^^^^^^^^^^^^^^^
  File "D:\inventort-managment\env\Lib\site-packages\django\template\base.py", line 904, in render_annotated
    return self.render(context)
           ^^^^^^^^^^^^^^^^^^^^
  File "D:\inventort-managment\env\Lib\site-packages\django\template\loader_tags.py", line 150, in render
    return compiled_parent._render(context)
           ^^^^^^^^^^^^^^^^^^^^^^^^^^^^^^^^
  File "D:\inventort-managment\env\Lib\site-packages\django\template\base.py", line 163, in _render
    return self.nodelist.render(context)
           ^^^^^^^^^^^^^^^^^^^^^^^^^^^^^
  File "D:\inventort-managment\env\Lib\site-packages\django\template\base.py", line 937, in render
    bit = node.render_annotated(context)
          ^^^^^^^^^^^^^^^^^^^^^^^^^^^^^^
  File "D:\inventort-managment\env\Lib\site-packages\django\template\base.py", line 904, in render_annotated
    return self.render(context)
           ^^^^^^^^^^^^^^^^^^^^
  File "D:\inventort-managment\env\Lib\site-packages\django\template\defaulttags.py", line 309, in render
    return nodelist.render(context)
           ^^^^^^^^^^^^^^^^^^^^^^^^
  File "D:\inventort-managment\env\Lib\site-packages\django\template\base.py", line 937, in render
    bit = node.render_annotated(context)
          ^^^^^^^^^^^^^^^^^^^^^^^^^^^^^^
  File "D:\inventort-managment\env\Lib\site-packages\django\template\base.py", line 904, in render_annotated
    return self.render(context)
           ^^^^^^^^^^^^^^^^^^^^
  File "D:\inventort-managment\env\Lib\site-packages\django\template\defaulttags.py", line 443, in render
    url = reverse(view_name, args=args, kwargs=kwargs, current_app=current_app)
          ^^^^^^^^^^^^^^^^^^^^^^^^^^^^^^^^^^^^^^^^^^^^^^^^^^^^^^^^^^^^^^^^^^^^^
  File "D:\inventort-managment\env\Lib\site-packages\django\urls\base.py", line 90, in reverse
    return iri_to_uri(resolver._reverse_with_prefix(view, prefix, *args, **kwargs))
                      ^^^^^^^^^^^^^^^^^^^^^^^^^^^^^^^^^^^^^^^^^^^^^^^^^^^^^^^^^^^^
  File "D:\inventort-managment\env\Lib\site-packages\django\urls\resolvers.py", line 668, in _reverse_with_prefix
    raise NoReverseMatch(msg)
django.urls.exceptions.NoReverseMatch: Reverse for 'StockList' not found. 'StockList' is not a valid view function or pattern name.
"GET / HTTP/1.1" 500 20557
Internal Server Error: /
Traceback (most recent call last):
  File "D:\inventort-managment\env\Lib\site-packages\django\core\handlers\exception.py", line 34, in inner
    response = get_response(request)
               ^^^^^^^^^^^^^^^^^^^^^
  File "D:\inventort-managment\env\Lib\site-packages\django\core\handlers\base.py", line 115, in _get_response
    response = self.process_exception_by_middleware(e, request)
               ^^^^^^^^^^^^^^^^^^^^^^^^^^^^^^^^^^^^^^^^^^^^^^^^
  File "D:\inventort-managment\env\Lib\site-packages\django\core\handlers\base.py", line 113, in _get_response
    response = wrapped_callback(request, *callback_args, **callback_kwargs)
               ^^^^^^^^^^^^^^^^^^^^^^^^^^^^^^^^^^^^^^^^^^^^^^^^^^^^^^^^^^^^
  File "D:\inventort-managment\env\Lib\site-packages\django\contrib\auth\decorators.py", line 21, in _wrapped_view
    return view_func(request, *args, **kwargs)
           ^^^^^^^^^^^^^^^^^^^^^^^^^^^^^^^^^^^
  File "D:\inventort-managment\cashier\views.py", line 44, in HomeIndex
    return render(request, 'cashier/home.html', context)
           ^^^^^^^^^^^^^^^^^^^^^^^^^^^^^^^^^^^^^^^^^^^^^
  File "D:\inventort-managment\env\Lib\site-packages\django\shortcuts.py", line 36, in render
    content = loader.render_to_string(template_name, context, request, using=using)
              ^^^^^^^^^^^^^^^^^^^^^^^^^^^^^^^^^^^^^^^^^^^^^^^^^^^^^^^^^^^^^^^^^^^^^
  File "D:\inventort-managment\env\Lib\site-packages\django\template\loader.py", line 62, in render_to_string
    return template.render(context, request)
           ^^^^^^^^^^^^^^^^^^^^^^^^^^^^^^^^^
  File "D:\inventort-managment\env\Lib\site-packages\django\template\backends\django.py", line 61, in render
    return self.template.render(context)
           ^^^^^^^^^^^^^^^^^^^^^^^^^^^^^
  File "D:\inventort-managment\env\Lib\site-packages\django\template\base.py", line 171, in render
    return self._render(context)
           ^^^^^^^^^^^^^^^^^^^^^
  File "D:\inventort-managment\env\Lib\site-packages\django\template\base.py", line 163, in _render
    return self.nodelist.render(context)
           ^^^^^^^^^^^^^^^^^^^^^^^^^^^^^
  File "D:\inventort-managment\env\Lib\site-packages\django\template\base.py", line 937, in render
    bit = node.render_annotated(context)
          ^^^^^^^^^^^^^^^^^^^^^^^^^^^^^^
  File "D:\inventort-managment\env\Lib\site-packages\django\template\base.py", line 904, in render_annotated
    return self.render(context)
           ^^^^^^^^^^^^^^^^^^^^
  File "D:\inventort-managment\env\Lib\site-packages\django\template\loader_tags.py", line 150, in render
    return compiled_parent._render(context)
           ^^^^^^^^^^^^^^^^^^^^^^^^^^^^^^^^
  File "D:\inventort-managment\env\Lib\site-packages\django\template\base.py", line 163, in _render
    return self.nodelist.render(context)
           ^^^^^^^^^^^^^^^^^^^^^^^^^^^^^
  File "D:\inventort-managment\env\Lib\site-packages\django\template\base.py", line 937, in render
    bit = node.render_annotated(context)
          ^^^^^^^^^^^^^^^^^^^^^^^^^^^^^^
  File "D:\inventort-managment\env\Lib\site-packages\django\template\base.py", line 904, in render_annotated
    return self.render(context)
           ^^^^^^^^^^^^^^^^^^^^
  File "D:\inventort-managment\env\Lib\site-packages\django\template\defaulttags.py", line 309, in render
    return nodelist.render(context)
           ^^^^^^^^^^^^^^^^^^^^^^^^
  File "D:\inventort-managment\env\Lib\site-packages\django\template\base.py", line 937, in render
    bit = node.render_annotated(context)
          ^^^^^^^^^^^^^^^^^^^^^^^^^^^^^^
  File "D:\inventort-managment\env\Lib\site-packages\django\template\base.py", line 904, in render_annotated
    return self.render(context)
           ^^^^^^^^^^^^^^^^^^^^
  File "D:\inventort-managment\env\Lib\site-packages\django\template\defaulttags.py", line 443, in render
    url = reverse(view_name, args=args, kwargs=kwargs, current_app=current_app)
          ^^^^^^^^^^^^^^^^^^^^^^^^^^^^^^^^^^^^^^^^^^^^^^^^^^^^^^^^^^^^^^^^^^^^^
  File "D:\inventort-managment\env\Lib\site-packages\django\urls\base.py", line 90, in reverse
    return iri_to_uri(resolver._reverse_with_prefix(view, prefix, *args, **kwargs))
                      ^^^^^^^^^^^^^^^^^^^^^^^^^^^^^^^^^^^^^^^^^^^^^^^^^^^^^^^^^^^^
  File "D:\inventort-managment\env\Lib\site-packages\django\urls\resolvers.py", line 668, in _reverse_with_prefix
    raise NoReverseMatch(msg)
django.urls.exceptions.NoReverseMatch: Reverse for 'StockList' not found. 'StockList' is not a valid view function or pattern name.
"GET / HTTP/1.1" 500 20533
"GET / HTTP/1.1" 200 3877
"GET / HTTP/1.1" 200 3877
"GET / HTTP/1.1" 200 3877
"GET / HTTP/1.1" 200 3877
"GET /data/search/?q=JCB HTTP/1.1" 200 5301
"GET /media/parts/360/tooth.png HTTP/1.1" 304 0
"GET /media/parts/360/pump.png HTTP/1.1" 304 0
"GET /crm/customers/ HTTP/1.1" 200 3509
"GET /purchase/ HTTP/1.1" 200 3490
"GET /stock/ HTTP/1.1" 200 3164
"GET / HTTP/1.1" 200 3877
"GET / HTTP/1.1" 200 3877
"GET / HTTP/1.1" 200 3877
"GET /logout/ HTTP/1.1" 302 0
"GET /login/ HTTP/1.1" 200 842
"POST /login/ HTTP/1.1" 302 0
"GET / HTTP/1.1" 200 3877
Watching for file changes with StatReloader
Session data corrupted
"GET / HTTP/1.1" 302 0
"GET /login/?next=/ HTTP/1.1" 200 842
"GET /static/css/sb-admin-2.min.css HTTP/1.1" 304 0
Not Found: /favicon.ico
"GET /favicon.ico HTTP/1.1" 404 1189
Session data corrupted
"POST /login/?next=/ HTTP/1.1" 302 0
"GET / HTTP/1.1" 200 3877
"GET /static/vendor/fontawesome-free/css/all.min.css HTTP/1.1" 304 0
"GET /static/vendor/datatables/dataTables.bootstrap4.min.css HTTP/1.1" 304 0
"GET /static/css/bootstrap.min.css HTTP/1.1" 304 0
"GET /static/vendor/jquery/jquery.min.js HTTP/1.1" 304 0
"GET /media/profile_picture.png HTTP/1.1" 304 0
"GET /static/vendor/bootstrap/js/bootstrap.bundle.min.js HTTP/1.1" 304 0
"GET /static/vendor/datatables/dataTables.bootstrap4.min.js HTTP/1.1" 304 0
"GET /static/vendor/datatables/jquery.dataTables.min.js HTTP/1.1" 304 0
"GET /static/js/datatables-demo.js HTTP/1.1" 304 0
"GET /static/vendor/jquery-easing/jquery.easing.min.js HTTP/1.1" 304 0
"GET /static/js/sb-admin-2.min.js HTTP/1.1" 304 0
"GET /static/js/extends.js HTTP/1.1" 304 0
"GET /static/vendor/fontawesome-free/webfonts/fa-solid-900.woff2 HTTP/1.1" 304 0
"GET /report/ HTTP/1.1" 200 3919
"GET / HTTP/1.1" 200 3877
"GET / HTTP/1.1" 200 3877
D:\inventort-managment\cashier\views.py changed, reloading.
Watching for file changes with StatReloader
"GET / HTTP/1.1" 200 3891
"GET /static/favicon.ico HTTP/1.1" 304 0
"GET /stock/ HTTP/1.1" 200 3173
"GET /login/ HTTP/1.1" 200 842
"GET / HTTP/1.1" 200 3891
"GET /purchase/ HTTP/1.1" 200 3476
"GET / HTTP/1.1" 200 3891
D:\inventort-managment\cashier\models.py changed, reloading.
Watching for file changes with StatReloader
"GET / HTTP/1.1" 200 3911
"GET /stock/ HTTP/1.1" 200 3199
"GET / HTTP/1.1" 200 3911
"GET /data/upload/ HTTP/1.1" 200 3252
Internal Server Error: /data/upload/
Traceback (most recent call last):
  File "D:\inventort-managment\env\Lib\site-packages\django\utils\datastructures.py", line 78, in __getitem__
    list_ = super().__getitem__(key)
            ^^^^^^^^^^^^^^^^^^^^^^^^
KeyError: 'file'

During handling of the above exception, another exception occurred:

Traceback (most recent call last):
  File "D:\inventort-managment\env\Lib\site-packages\django\core\handlers\exception.py", line 34, in inner
    response = get_response(request)
               ^^^^^^^^^^^^^^^^^^^^^
  File "D:\inventort-managment\env\Lib\site-packages\django\core\handlers\base.py", line 115, in _get_response
    response = self.process_exception_by_middleware(e, request)
               ^^^^^^^^^^^^^^^^^^^^^^^^^^^^^^^^^^^^^^^^^^^^^^^^
  File "D:\inventort-managment\env\Lib\site-packages\django\core\handlers\base.py", line 113, in _get_response
    response = wrapped_callback(request, *callback_args, **callback_kwargs)
               ^^^^^^^^^^^^^^^^^^^^^^^^^^^^^^^^^^^^^^^^^^^^^^^^^^^^^^^^^^^^
  File "D:\inventort-managment\data\views.py", line 66, in StockUpload
    new_stock = request.FILES['file']
                ~~~~~~~~~~~~~^^^^^^^^
  File "D:\inventort-managment\env\Lib\site-packages\django\utils\datastructures.py", line 80, in __getitem__
    raise MultiValueDictKeyError(key)
django.utils.datastructures.MultiValueDictKeyError: 'file'
"POST /data/upload/ HTTP/1.1" 500 12753
"GET /data/upload/ HTTP/1.1" 200 3247
D:\inventort-managment\cashier\admin.py changed, reloading.
Watching for file changes with StatReloader
"GET / HTTP/1.1" 302 0
"GET /login/?next=/ HTTP/1.1" 200 2357
"GET /admin/ HTTP/1.1" 302 0
"GET /admin/login/?next=/admin/ HTTP/1.1" 200 8550
"GET /data/upload/ HTTP/1.1" 200 3246
"GET /data/upload/ HTTP/1.1" 200 3249
"GET / HTTP/1.1" 200 4371
"GET / HTTP/1.1" 200 4371
"GET /stock/ HTTP/1.1" 200 3661
"GET / HTTP/1.1" 200 4371
"GET /data/upload/ HTTP/1.1" 200 3247
"GET /report/ HTTP/1.1" 200 3823
"GET /report/ HTTP/1.1" 200 3823
"GET /data/search/?q=JCB HTTP/1.1" 200 6075
"GET /media/parts/360/tooth.png HTTP/1.1" 304 0
"GET /media/parts/360/pump.png HTTP/1.1" 304 0
"GET / HTTP/1.1" 200 4371
"GET /report/ HTTP/1.1" 200 3823
"GET /crm/customers/ HTTP/1.1" 200 3507
D:\inventort-managment\data\resources.py changed, reloading.
Watching for file changes with StatReloader
D:\inventort-managment\data\views.py changed, reloading.
Watching for file changes with StatReloader
D:\inventort-managment\crm\admin.py changed, reloading.
Watching for file changes with StatReloader
D:\inventort-managment\crm\views.py changed, reloading.
Watching for file changes with StatReloader
"GET / HTTP/1.1" 302 0
"GET /login/?next=/ HTTP/1.1" 200 2357
"GET /admin/ HTTP/1.1" 302 0
"GET /admin/login/?next=/admin/ HTTP/1.1" 200 8550
"GET /crm/customers/ HTTP/1.1" 302 0
"GET /login/?next=/crm/customers/ HTTP/1.1" 200 2357
Not Found: /crm/customers/add/
"GET /crm/customers/add/ HTTP/1.1" 404 5234
"GET /data/upload/ HTTP/1.1" 200 15523
"GET /input/ HTTP/1.1" 302 0
"GET /login/?next=/input/ HTTP/1.1" 200 2357
"GET /stock/ HTTP/1.1" 302 0
"GET /login/?next=/stock/ HTTP/1.1" 200 2357
"GET /login/ HTTP/1.1" 200 2357
"POST /login/ HTTP/1.1" 302 0
"GET / HTTP/1.1" 200 22431
Internal Server Error: /crm/customers/
Traceback (most recent call last):
  File "D:\inventort-managment\env\Lib\site-packages\django\core\handlers\exception.py", line 34, in inner
    response = get_response(request)
               ^^^^^^^^^^^^^^^^^^^^^
  File "D:\inventort-managment\env\Lib\site-packages\django\core\handlers\base.py", line 115, in _get_response
    response = self.process_exception_by_middleware(e, request)
               ^^^^^^^^^^^^^^^^^^^^^^^^^^^^^^^^^^^^^^^^^^^^^^^^
  File "D:\inventort-managment\env\Lib\site-packages\django\core\handlers\base.py", line 113, in _get_response
    response = wrapped_callback(request, *callback_args, **callback_kwargs)
               ^^^^^^^^^^^^^^^^^^^^^^^^^^^^^^^^^^^^^^^^^^^^^^^^^^^^^^^^^^^^
  File "D:\inventort-managment\env\Lib\site-packages\django\contrib\auth\decorators.py", line 21, in _wrapped_view
    return view_func(request, *args, **kwargs)
           ^^^^^^^^^^^^^^^^^^^^^^^^^^^^^^^^^^^
  File "D:\inventort-managment\crm\views.py", line 9, in CustomerList
    return render(request, 'crm/customer_list.html', {'customers': customers})
           ^^^^^^^^^^^^^^^^^^^^^^^^^^^^^^^^^^^^^^^^^^^^^^^^^^^^^^^^^^^^^^^^^^^
  File "D:\inventort-managment\env\Lib\site-packages\django\shortcuts.py", line 36, in render
    content = loader.render_to_string(template_name, context, request, using=using)
              ^^^^^^^^^^^^^^^^^^^^^^^^^^^^^^^^^^^^^^^^^^^^^^^^^^^^^^^^^^^^^^^^^^^^^
  File "D:\inventort-managment\env\Lib\site-packages\django\template\loader.py", line 62, in render_to_string
    return template.render(context, request)
           ^^^^^^^^^^^^^^^^^^^^^^^^^^^^^^^^^
  File "D:\inventort-managment\env\Lib\site-packages\django\template\backends\django.py", line 61, in render
    return self.template.render(context)
           ^^^^^^^^^^^^^^^^^^^^^^^^^^^^^
  File "D:\inventort-managment\env\Lib\site-packages\django\template\base.py", line 171, in render
    return self._render(context)
           ^^^^^^^^^^^^^^^^^^^^^
  File "D:\inventort-managment\env\Lib\site-packages\django\template\base.py", line 163, in _render
    return self.nodelist.render(context)
           ^^^^^^^^^^^^^^^^^^^^^^^^^^^^^
  File "D:\inventort-managment\env\Lib\site-packages\django\template\base.py", line 937, in render
    bit = node.render_annotated(context)
          ^^^^^^^^^^^^^^^^^^^^^^^^^^^^^^
  File "D:\inventort-managment\env\Lib\site-packages\django\template\base.py", line 904, in render_annotated
    return self.render(context)
           ^^^^^^^^^^^^^^^^^^^^
  File "D:\inventort-managment\env\Lib\site-packages\django\template\loader_tags.py", line 150, in render
    return compiled_parent._render(context)
           ^^^^^^^^^^^^^^^^^^^^^^^^^^^^^^^^
  File "D:\inventort-managment\env\Lib\site-packages\django\template\base.py", line 163, in _render
    return self.nodelist.render(context)
           ^^^^^^^^^^^^^^^^^^^^^^^^^^^^^
  File "D:\inventort-managment\env\Lib\site-packages\django\template\base.py", line 937, in render
    bit = node.render_annotated(context)
          ^^^^^^^^^^^^^^^^^^^^^^^^^^^^^^
  File "D:\inventort-managment\env\Lib\site-packages\django\template\base.py", line 904, in render_annotated
    return self.render(context)
           ^^^^^^^^^^^^^^^^^^^^
  File "D:\inventort-managment\env\Lib\site-packages\django\template\loader_tags.py", line 62, in render
    result = block.nodelist.render(context)
             ^^^^^^^^^^^^^^^^^^^^^^^^^^^^^^
  File "D:\inventort-managment\env\Lib\site-packages\django\template\base.py", line 937, in render
    bit = node.render_annotated(context)
          ^^^^^^^^^^^^^^^^^^^^^^^^^^^^^^
  File "D:\inventort-managment\env\Lib\site-packages\django\template\base.py", line 904, in render_annotated
    return self.render(context)
           ^^^^^^^^^^^^^^^^^^^^
  File "D:\inventort-managment\env\Lib\site-packages\django\template\defaulttags.py", line 443, in render
    url = reverse(view_name, args=args, kwargs=kwargs, current_app=current_app)
          ^^^^^^^^^^^^^^^^^^^^^^^^^^^^^^^^^^^^^^^^^^^^^^^^^^^^^^^^^^^^^^^^^^^^^
  File "D:\inventort-managment\env\Lib\site-packages\django\urls\base.py", line 90, in reverse
    return iri_to_uri(resolver._reverse_with_prefix(view, prefix, *args, **kwargs))
                      ^^^^^^^^^^^^^^^^^^^^^^^^^^^^^^^^^^^^^^^^^^^^^^^^^^^^^^^^^^^^
  File "D:\inventort-managment\env\Lib\site-packages\django\urls\resolvers.py", line 668, in _reverse_with_prefix
    raise NoReverseMatch(msg)
django.urls.exceptions.NoReverseMatch: Reverse for 'CustomerAdd' not found. 'CustomerAdd' is not a valid view function or pattern name.
"GET /crm/customers/ HTTP/1.1" 500 175998
Not Found: /crm/customers/add/
"GET /crm/customers/add/ HTTP/1.1" 404 5234
"GET /data/upload/ HTTP/1.1" 200 17462
"GET /input/ HTTP/1.1" 200 21422
"GET /stock/ HTTP/1.1" 200 18648
"GET /cart/ HTTP/1.1" 200 19118
Watching for file changes with StatReloader
"GET /login/ HTTP/1.1" 200 2357
"POST /login/ HTTP/1.1" 302 0
"GET / HTTP/1.1" 200 22431
"GET / HTTP/1.1" 200 22431
"GET /crm/customers/ HTTP/1.1" 200 26822
"GET /crm/customers/add/ HTTP/1.1" 200 14798
"GET /data/upload/ HTTP/1.1" 200 17462
"GET /input/ HTTP/1.1" 200 21422
"GET /stock/ HTTP/1.1" 200 18648
"GET /cart/ HTTP/1.1" 200 19118
"GET /admin/ HTTP/1.1" 200 43792
Session data corrupted
"GET /data/upload/ HTTP/1.1" 200 4263
Session data corrupted
"GET / HTTP/1.1" 302 0
"GET /login/?next=/ HTTP/1.1" 200 839
Session data corrupted
"POST /login/?next=/ HTTP/1.1" 302 0
"GET / HTTP/1.1" 200 4371
"GET /stock/ HTTP/1.1" 200 3661
"GET / HTTP/1.1" 200 4371
"GET /purchase/ HTTP/1.1" 200 3393
"GET /report/ HTTP/1.1" 200 3823
"GET /crm/customers/ HTTP/1.1" 200 4482
"GET /crm/customers/add/ HTTP/1.1" 200 3964
"GET /login/ HTTP/1.1" 200 2357
"POST /login/ HTTP/1.1" 302 0
"GET / HTTP/1.1" 200 22681
Not Found: /purchased/
"GET /purchased/ HTTP/1.1" 404 4927
"GET /report/ HTTP/1.1" 200 16750
"GET /login/ HTTP/1.1" 200 2357
"POST /login/ HTTP/1.1" 302 0
"GET / HTTP/1.1" 200 22681
"GET /purchase/ HTTP/1.1" 200 14665
"GET /report/ HTTP/1.1" 200 16750
"GET /purchase/ HTTP/1.1" 200 3632
"GET /struck/2/ HTTP/1.1" 200 3686
"GET /struck/2/ HTTP/1.1" 200 3686
"GET /report/ HTTP/1.1" 200 4240
"GET /report/ HTTP/1.1" 200 4240
"GET /purchase/ HTTP/1.1" 200 3632
"GET /struck/2/ HTTP/1.1" 200 3686
"GET /struck/2/ HTTP/1.1" 200 3686
"GET /login/ HTTP/1.1" 200 2357
"POST /login/ HTTP/1.1" 302 0
"GET / HTTP/1.1" 200 22681
"GET /struck/2/ HTTP/1.1" 200 16446
"GET / HTTP/1.1" 200 4602
"GET /stock/ HTTP/1.1" 200 3885
"GET / HTTP/1.1" 200 4602
"GET /report/ HTTP/1.1" 200 4240
"GET /purchase/ HTTP/1.1" 200 3632
"GET /struck/2/ HTTP/1.1" 200 4350
"GET /struck/3/ HTTP/1.1" 200 4356
"GET / HTTP/1.1" 200 4602
"GET /accounts/ HTTP/1.1" 200 4426
"GET /logout/ HTTP/1.1" 302 0
"GET /login/ HTTP/1.1" 200 838
Not Found: /favicon.ico
"GET /favicon.ico HTTP/1.1" 404 1189
"POST /login/ HTTP/1.1" 302 0
"GET / HTTP/1.1" 200 4602
"GET / HTTP/1.1" 200 4602
"GET /stock/ HTTP/1.1" 200 3885
"GET / HTTP/1.1" 200 4602
"GET /data/upload/ HTTP/1.1" 200 4644
"GET /purchase/ HTTP/1.1" 200 3632
"GET /struck/2/ HTTP/1.1" 200 4350
"GET /report/ HTTP/1.1" 200 4240
"GET /crm/customers/ HTTP/1.1" 200 4482
"GET /crm/customers/delete/7/ HTTP/1.1" 302 0
"GET /crm/customers/ HTTP/1.1" 200 4448
"GET /data/search/?q=JCB HTTP/1.1" 200 6075
Watching for file changes with StatReloader
Watching for file changes with StatReloader
"GET / HTTP/1.1" 302 0
"GET /login/?next=/ HTTP/1.1" 200 840
"GET /static/css/sb-admin-2.min.css HTTP/1.1" 200 197981
Not Found: /favicon.ico
"GET /favicon.ico HTTP/1.1" 404 1189
"POST /login/?next=/ HTTP/1.1" 302 0
Forbidden (CSRF token missing or incorrect.): /login/
"POST /login/?next=/ HTTP/1.1" 403 1249
"GET / HTTP/1.1" 200 4596
"GET /static/vendor/fontawesome-free/css/all.min.css HTTP/1.1" 200 55967
"GET /static/vendor/datatables/dataTables.bootstrap4.min.css HTTP/1.1" 200 5222
"GET /static/css/bootstrap.min.css HTTP/1.1" 200 144877
"GET /static/vendor/jquery/jquery.min.js HTTP/1.1" 200 88145
"GET /media/profile_picture.png HTTP/1.1" 200 61793
"GET /static/vendor/bootstrap/js/bootstrap.bundle.min.js HTTP/1.1" 200 78635
"GET /static/vendor/datatables/jquery.dataTables.min.js HTTP/1.1" 200 82411
"GET /static/vendor/datatables/dataTables.bootstrap4.min.js HTTP/1.1" 200 2085
"GET /static/js/datatables-demo.js HTTP/1.1" 200 103
"GET /static/vendor/jquery-easing/jquery.easing.min.js HTTP/1.1" 200 2532
"GET /static/js/sb-admin-2.min.js HTTP/1.1" 200 1106
"GET /static/js/extends.js HTTP/1.1" 200 1689
"GET /static/vendor/fontawesome-free/webfonts/fa-solid-900.woff2 HTTP/1.1" 200 75440
"GET /static/favicon.ico HTTP/1.1" 200 1150
"GET /data/search/?q=jcb HTTP/1.1" 200 6196
"GET /media/parts/360/tooth.png HTTP/1.1" 200 455208
"GET /media/parts/360/pump.png HTTP/1.1" 200 581797
"GET /input/ HTTP/1.1" 200 4570
"GET /admin/data/jcbpart/add/ HTTP/1.1" 200 3454
"GET /static/admin/css/base.css HTTP/1.1" 200 0
"GET /static/admin/css/forms.css HTTP/1.1" 200 0
"GET /static/jet/css/themes/default/jquery-ui.theme.css?v=1.0.8 HTTP/1.1" 200 6760
"GET /static/jet/css/themes/default/select2.theme.css?v=1.0.8 HTTP/1.1" 200 23574
"GET /static/jet/css/themes/default/base.css?v=1.0.8 HTTP/1.1" 200 178918
"GET /static/jet/css/icons/style.css?v=1.0.8 HTTP/1.1" 200 2248
"GET /admin/jsi18n/ HTTP/1.1" 200 930
"GET /jet/jsi18n/ HTTP/1.1" 200 930
"GET /static/jet/css/vendor.css?v=1.0.8 HTTP/1.1" 200 53889
"GET /static/admin/js/admin/RelatedObjectLookups.js HTTP/1.1" 200 0
"GET /static/admin/js/jquery.init.js HTTP/1.1" 200 363
"GET /static/jet/js/i18n/select2/en.js?v=1.0.8 HTTP/1.1" 200 827
"GET /static/admin/js/actions.js HTTP/1.1" 200 6538
"GET /static/admin/js/core.js HTTP/1.1" 200 7135
"GET /static/admin/js/prepopulate.js HTTP/1.1" 200 1530
"GET /static/admin/js/urlify.js HTTP/1.1" 200 8972
"GET /static/admin/js/prepopulate_init.js HTTP/1.1" 200 495
"GET /static/admin/js/change_form.js HTTP/1.1" 200 712
"GET /static/admin/js/vendor/jquery/jquery.js HTTP/1.1" 200 271817
"GET /static/admin/js/vendor/xregexp/xregexp.js HTTP/1.1" 200 128820
"GET /static/jet/js/build/bundle.min.js?v=1.0.8 HTTP/1.1" 200 417084
"GET /static/jet/css/icons/fonts/jet-icons.ttf?415d6s HTTP/1.1" 200 6240
"POST /admin/data/jcbpart/add/ HTTP/1.1" 200 3533
"GET /jet/jsi18n/ HTTP/1.1" 200 930
"GET /admin/jsi18n/ HTTP/1.1" 200 930
"GET /admin/data/jcbpart/add/ HTTP/1.1" 200 3457
"GET / HTTP/1.1" 200 4596
"GET /data/search/?q=jcb HTTP/1.1" 200 6196
"GET / HTTP/1.1" 302 0
"GET /login/?next=/ HTTP/1.1" 200 835
"GET /static/css/sb-admin-2.min.css HTTP/1.1" 200 197981
Not Found: /favicon.ico
"GET /favicon.ico HTTP/1.1" 404 1189
"POST /login/?next=/ HTTP/1.1" 302 0
"GET / HTTP/1.1" 200 4596
"GET /static/vendor/fontawesome-free/css/all.min.css HTTP/1.1" 200 55967
"GET /static/vendor/datatables/dataTables.bootstrap4.min.css HTTP/1.1" 200 5222
"GET /static/css/bootstrap.min.css HTTP/1.1" 200 144877
"GET /static/vendor/jquery/jquery.min.js HTTP/1.1" 200 88145
"GET /static/vendor/bootstrap/js/bootstrap.bundle.min.js HTTP/1.1" 200 78635
"GET /media/profile_picture.png HTTP/1.1" 200 61793
"GET /static/vendor/datatables/jquery.dataTables.min.js HTTP/1.1" 200 82411
"GET /static/vendor/datatables/dataTables.bootstrap4.min.js HTTP/1.1" 200 2085
"GET /static/js/datatables-demo.js HTTP/1.1" 200 103
"GET /static/vendor/jquery-easing/jquery.easing.min.js HTTP/1.1" 200 2532
"GET /static/js/sb-admin-2.min.js HTTP/1.1" 200 1106
"GET /static/js/extends.js HTTP/1.1" 200 1689
"GET /static/vendor/fontawesome-free/webfonts/fa-solid-900.woff2 HTTP/1.1" 200 75440
"GET /static/favicon.ico HTTP/1.1" 200 1150
"GET /data/search/?q=jcb HTTP/1.1" 200 6196
"GET /media/parts/360/tooth.png HTTP/1.1" 200 455208
"GET /media/parts/360/pump.png HTTP/1.1" 200 581797
"GET /data/search/?q=jcbmedia/parts/360/ HTTP/1.1" 200 5077
